2025-04-24 15:35:27,958 - classFinal - 50 - INFO - teacher input: wilde
2025-04-24 15:35:27,958 - classFinal - 55 - INFO - teacher known mrs_wilde.csv
2025-04-24 15:35:27,967 - classFinal - 19 - INFO - teacher current position None
2025-04-24 15:35:27,967 - classFinal - 20 - INFO - teacher class None
2025-04-24 15:35:27,967 - classFinal - 63 - INFO - place unknown (None, None)
2025-04-24 15:35:28,881 - classFinal - 81 - INFO - user carry on input ues
2025-04-24 15:35:28,881 - classFinal - 140 - DEBUG - no space word ues
2025-04-24 15:35:28,882 - classFinal - 162 - DEBUG - word candidates yes
2025-04-24 15:35:28,882 - classFinal - 143 - DEBUG - is word positive True
2025-04-24 15:35:28,882 - classFinal - 162 - DEBUG - word candidates None
2025-04-24 15:35:28,883 - classFinal - 145 - DEBUG - is word negative False
2025-04-24 15:35:28,883 - classFinal - 84 - INFO - revised input True
2025-04-24 15:35:28,883 - classFinal - 29 - INFO - asking second time
2025-04-24 15:35:56,226 - classFinal - 50 - INFO - teacher input: wilde
2025-04-24 15:35:56,227 - classFinal - 55 - INFO - teacher known mrs_wilde.csv
2025-04-24 15:35:56,227 - classFinal - 99 - INFO - starting ask period loop
2025-04-24 15:36:05,903 - classFinal - 101 - INFO - inputed time: quarter past 2 
2025-04-24 15:36:06,002 - Period - 24 - DEBUG - split input: [15, 'past', 2]
2025-04-24 15:36:06,003 - Period - 25 - DEBUG - spacless input: quarterpast2
2025-04-24 15:36:06,003 - Period - 26 - DEBUG - list input: ['q', 'u', 'a', 'r', 't', 'e', 'r', 'p', 'a', 's', 't', '2']
2025-04-24 15:36:06,003 - Period - 55 - DEBUG - pm: False, am: False
2025-04-24 15:36:06,003 - Period - 56 - DEBUG - has period: False
2025-04-24 15:36:06,003 - Period - 72 - DEBUG - period as int 2
2025-04-24 15:36:06,003 - Period - 83 - DEBUG - num time found 2
2025-04-24 15:36:06,003 - Period - 92 - DEBUG - has to False pos: 1
2025-04-24 15:36:06,003 - Period - 100 - DEBUG - minutes 15, hours 2, offset 15
2025-04-24 15:36:06,003 - classFinal - 112 - INFO - period: None time: 2.15
2025-04-24 15:36:06,003 - classFinal - 118 - INFO - starting ask time loop
2025-04-24 15:36:11,954 - classFinal - 121 - INFO - inputed day: day 6
2025-04-24 15:36:11,954 - Time - 19 - DEBUG - self.day_input day 6
2025-04-24 15:36:11,954 - Time - 38 - DEBUG - date of ints ['6']
2025-04-24 15:36:11,954 - classFinal - 134 - INFO - day: Day 6 date: None
2025-04-24 15:36:11,956 - classFinal - 67 - INFO - location known ('JP11', '10DTG2')
2025-04-24 15:36:42,843 - classFinal - 50 - INFO - teacher input: wilde
2025-04-24 15:36:42,844 - classFinal - 55 - INFO - teacher known mrs_wilde.csv
2025-04-24 15:36:42,851 - classFinal - 19 - INFO - teacher current position None
2025-04-24 15:36:42,851 - classFinal - 20 - INFO - teacher class None
2025-04-24 15:36:42,852 - classFinal - 63 - INFO - place unknown (None, None)
2025-04-24 15:36:44,229 - classFinal - 81 - INFO - user carry on input yes
2025-04-24 15:36:44,229 - classFinal - 140 - DEBUG - no space word yes
2025-04-24 15:36:44,230 - classFinal - 162 - DEBUG - word candidates yes
2025-04-24 15:36:44,230 - classFinal - 143 - DEBUG - is word positive True
2025-04-24 15:36:44,230 - classFinal - 162 - DEBUG - word candidates None
2025-04-24 15:36:44,230 - classFinal - 145 - DEBUG - is word negative False
2025-04-24 15:36:44,230 - classFinal - 84 - INFO - revised input True
2025-04-24 15:36:44,231 - classFinal - 29 - INFO - asking second time
2025-04-24 15:36:45,886 - classFinal - 50 - INFO - teacher input: wilde
2025-04-24 15:36:45,886 - classFinal - 55 - INFO - teacher known mrs_wilde.csv
2025-04-24 15:36:45,886 - classFinal - 99 - INFO - starting ask period loop
2025-04-24 15:36:47,752 - classFinal - 101 - INFO - inputed time: 12
2025-04-24 15:36:47,850 - Period - 24 - DEBUG - split input: [12]
2025-04-24 15:36:47,850 - Period - 25 - DEBUG - spacless input: 12
2025-04-24 15:36:47,850 - Period - 26 - DEBUG - list input: ['1', '2']
2025-04-24 15:36:47,850 - Period - 55 - DEBUG - pm: False, am: False
2025-04-24 15:36:47,850 - Period - 56 - DEBUG - has period: False
2025-04-24 15:36:47,850 - Period - 72 - DEBUG - period as int 12
2025-04-24 15:36:47,850 - Period - 83 - DEBUG - num time found 12
2025-04-24 15:38:30,814 - classFinal - 50 - INFO - teacher input: wilde
2025-04-24 15:38:30,815 - classFinal - 55 - INFO - teacher known mrs_wilde.csv
2025-04-24 15:38:30,823 - classFinal - 19 - INFO - teacher current position None
2025-04-24 15:38:30,823 - classFinal - 20 - INFO - teacher class None
2025-04-24 15:38:30,823 - classFinal - 63 - INFO - place unknown (None, None)
2025-04-24 15:38:32,948 - classFinal - 81 - INFO - user carry on input yes
2025-04-24 15:38:32,948 - classFinal - 140 - DEBUG - no space word yes
2025-04-24 15:38:32,949 - classFinal - 162 - DEBUG - word candidates yes
2025-04-24 15:38:32,949 - classFinal - 143 - DEBUG - is word positive True
2025-04-24 15:38:32,949 - classFinal - 162 - DEBUG - word candidates None
2025-04-24 15:38:32,949 - classFinal - 145 - DEBUG - is word negative False
2025-04-24 15:38:32,949 - classFinal - 84 - INFO - revised input True
2025-04-24 15:38:32,950 - classFinal - 29 - INFO - asking second time
2025-04-24 15:38:34,612 - classFinal - 50 - INFO - teacher input: wilde
2025-04-24 15:38:34,613 - classFinal - 55 - INFO - teacher known mrs_wilde.csv
2025-04-24 15:38:34,613 - classFinal - 99 - INFO - starting ask period loop
2025-04-24 15:38:39,333 - classFinal - 101 - INFO - inputed time: `12
2025-04-24 15:38:39,492 - Period - 24 - DEBUG - split input: [None]
2025-04-24 15:38:39,493 - Period - 25 - DEBUG - spacless input: `12
2025-04-24 15:38:39,493 - Period - 26 - DEBUG - list input: ['`', '1', '2']
2025-04-24 15:38:39,493 - Period - 55 - DEBUG - pm: False, am: False
2025-04-24 15:38:39,493 - Period - 56 - DEBUG - has period: False
2025-04-24 15:38:39,493 - Period - 72 - DEBUG - period as int 12
2025-04-24 15:38:39,493 - Period - 83 - DEBUG - num time found 12
2025-04-24 15:38:39,493 - Period - 103 - DEBUG - not long enough time unsupported operand type(s) for -: 'NoneType' and 'int'
2025-04-24 15:38:39,493 - Period - 109 - DEBUG - integer list []
2025-04-24 15:38:39,493 - Period - 121 - DEBUG - concentrated integer list []
2025-04-24 15:38:39,493 - Period - 127 - CRITICAL - unkown error
2025-04-24 15:40:54,734 - main - 50 - INFO - teacher input: wilde
2025-04-24 15:40:54,735 - main - 55 - INFO - teacher known mrs_wilde.csv
2025-04-24 15:40:54,744 - main - 19 - INFO - teacher current position None
2025-04-24 15:40:54,744 - main - 20 - INFO - teacher class None
2025-04-24 15:40:54,744 - main - 63 - INFO - place unknown (None, None)
2025-04-24 15:40:56,410 - main - 81 - INFO - user carry on input yes
2025-04-24 15:40:56,410 - main - 140 - DEBUG - no space word yes
2025-04-24 15:40:56,411 - main - 162 - DEBUG - word candidates yes
2025-04-24 15:40:56,411 - main - 143 - DEBUG - is word positive True
2025-04-24 15:40:56,411 - main - 162 - DEBUG - word candidates None
2025-04-24 15:40:56,411 - main - 145 - DEBUG - is word negative False
2025-04-24 15:40:56,411 - main - 84 - INFO - revised input True
2025-04-24 15:40:56,412 - main - 29 - INFO - asking second time
2025-04-24 15:40:58,521 - main - 50 - INFO - teacher input: wilde
2025-04-24 15:40:58,522 - main - 55 - INFO - teacher known mrs_wilde.csv
2025-04-24 15:40:58,522 - main - 99 - INFO - starting ask period loop
2025-04-24 15:41:01,001 - main - 101 - INFO - inputed time: 12
2025-04-24 15:41:01,097 - Period - 24 - DEBUG - split input: [12]
2025-04-24 15:41:01,097 - Period - 25 - DEBUG - spacless input: 12
2025-04-24 15:41:01,097 - Period - 26 - DEBUG - list input: ['1', '2']
2025-04-24 15:41:01,097 - Period - 55 - DEBUG - pm: False, am: False
2025-04-24 15:41:01,097 - Period - 56 - DEBUG - has period: False
2025-04-24 15:41:01,097 - Period - 72 - DEBUG - period as int 12
2025-04-24 15:41:01,097 - Period - 83 - DEBUG - num time found 12
2025-04-24 15:41:01,097 - Period - 103 - DEBUG - not long enough time unsupported operand type(s) for -: 'NoneType' and 'int'
2025-04-24 15:41:01,098 - Period - 109 - DEBUG - integer list [12]
2025-04-24 15:41:01,098 - Period - 121 - DEBUG - concentrated integer list [12]
2025-04-24 15:41:01,098 - main - 112 - INFO - period: None time: 12.0
2025-04-24 15:41:01,098 - main - 118 - INFO - starting ask time loop
2025-04-24 15:41:21,039 - main - 121 - INFO - inputed day: twenty fourth of april 2025
2025-04-24 15:41:21,039 - Time - 19 - DEBUG - self.day_input twenty fourth of april 2025
2025-04-24 15:41:21,039 - Time - 38 - DEBUG - date of ints ['2', '0', '2', '5']
2025-04-24 15:41:21,039 - Time - 51 - DEBUG - date not found: int() argument must be a string, a bytes-like object or a real number, not 'list'
2025-04-24 15:43:14,829 - main - 50 - INFO - teacher input: wo;de
2025-04-24 15:43:14,838 - main - 55 - INFO - teacher known mrs_wilde.csv
2025-04-24 15:43:14,846 - main - 19 - INFO - teacher current position None
2025-04-24 15:43:14,846 - main - 20 - INFO - teacher class None
2025-04-24 15:43:14,846 - main - 63 - INFO - place unknown (None, None)
2025-04-24 15:43:17,246 - main - 81 - INFO - user carry on input yes
2025-04-24 15:43:17,246 - main - 140 - DEBUG - no space word yes
2025-04-24 15:43:17,246 - main - 162 - DEBUG - word candidates yes
2025-04-24 15:43:17,247 - main - 143 - DEBUG - is word positive True
2025-04-24 15:43:17,247 - main - 162 - DEBUG - word candidates None
2025-04-24 15:43:17,247 - main - 145 - DEBUG - is word negative False
2025-04-24 15:43:17,247 - main - 84 - INFO - revised input True
2025-04-24 15:43:17,248 - main - 29 - INFO - asking second time
2025-04-24 15:43:18,882 - main - 50 - INFO - teacher input: wo;de
2025-04-24 15:43:18,891 - main - 55 - INFO - teacher known mrs_wilde.csv
2025-04-24 15:43:18,891 - main - 99 - INFO - starting ask period loop
2025-04-24 15:43:22,053 - main - 101 - INFO - inputed time: 12
2025-04-24 15:43:22,146 - Period - 24 - DEBUG - split input: [12]
2025-04-24 15:43:22,146 - Period - 25 - DEBUG - spacless input: 12
2025-04-24 15:43:22,146 - Period - 26 - DEBUG - list input: ['1', '2']
2025-04-24 15:43:22,146 - Period - 55 - DEBUG - pm: False, am: False
2025-04-24 15:43:22,146 - Period - 56 - DEBUG - has period: False
2025-04-24 15:43:22,146 - Period - 72 - DEBUG - period as int 12
2025-04-24 15:43:22,146 - Period - 83 - DEBUG - num time found 12
2025-04-24 15:43:22,147 - Period - 103 - DEBUG - not long enough time unsupported operand type(s) for -: 'NoneType' and 'int'
2025-04-24 15:43:22,147 - Period - 109 - DEBUG - integer list [12]
2025-04-24 15:43:22,147 - Period - 121 - DEBUG - concentrated integer list [12]
2025-04-24 15:43:22,147 - main - 112 - INFO - period: None time: 12.0
2025-04-24 15:43:22,147 - main - 118 - INFO - starting ask time loop
2025-04-24 15:43:32,108 - main - 121 - INFO - inputed day: twenty fourth of april 2025
2025-04-24 15:43:32,108 - Time - 19 - DEBUG - self.day_input twenty fourth of april 2025
2025-04-24 15:43:32,108 - Time - 38 - DEBUG - date of ints ['2', '0', '2', '5']
2025-04-24 15:43:32,109 - Time - 51 - DEBUG - date not found: int() argument must be a string, a bytes-like object or a real number, not 'list'
2025-04-24 15:45:36,785 - main - 50 - INFO - teacher input: wilde
2025-04-24 15:45:36,786 - main - 55 - INFO - teacher known mrs_wilde.csv
2025-04-24 15:45:36,794 - main - 19 - INFO - teacher current position None
2025-04-24 15:45:36,794 - main - 20 - INFO - teacher class None
2025-04-24 15:45:36,794 - main - 63 - INFO - place unknown (None, None)
2025-04-24 15:45:39,286 - main - 81 - INFO - user carry on input yes
2025-04-24 15:45:39,286 - main - 140 - DEBUG - no space word yes
2025-04-24 15:45:39,287 - main - 162 - DEBUG - word candidates yes
2025-04-24 15:45:39,287 - main - 143 - DEBUG - is word positive True
2025-04-24 15:45:39,287 - main - 162 - DEBUG - word candidates None
2025-04-24 15:45:39,287 - main - 145 - DEBUG - is word negative False
2025-04-24 15:45:39,287 - main - 84 - INFO - revised input True
2025-04-24 15:45:39,288 - main - 29 - INFO - asking second time
2025-04-24 15:45:40,324 - main - 50 - INFO - teacher input: wilde
2025-04-24 15:45:40,325 - main - 55 - INFO - teacher known mrs_wilde.csv
2025-04-24 15:45:40,325 - main - 99 - INFO - starting ask period loop
2025-04-24 15:45:41,346 - main - 101 - INFO - inputed time: 12
2025-04-24 15:45:41,440 - Period - 24 - DEBUG - split input: [12]
2025-04-24 15:45:41,440 - Period - 25 - DEBUG - spacless input: 12
2025-04-24 15:45:41,440 - Period - 26 - DEBUG - list input: ['1', '2']
2025-04-24 15:45:41,440 - Period - 55 - DEBUG - pm: False, am: False
2025-04-24 15:45:41,440 - Period - 56 - DEBUG - has period: False
2025-04-24 15:45:41,440 - Period - 72 - DEBUG - period as int 12
2025-04-24 15:45:41,440 - Period - 83 - DEBUG - num time found 12
2025-04-24 15:45:41,440 - Period - 103 - DEBUG - not long enough time unsupported operand type(s) for -: 'NoneType' and 'int'
2025-04-24 15:45:41,440 - Period - 109 - DEBUG - integer list [12]
2025-04-24 15:45:41,440 - Period - 121 - DEBUG - concentrated integer list [12]
2025-04-24 15:45:41,441 - main - 112 - INFO - period: None time: 12.0
2025-04-24 15:45:41,441 - main - 118 - INFO - starting ask time loop
2025-04-24 15:45:48,712 - main - 121 - INFO - inputed day: twenty foruth of april 2025
2025-04-24 15:45:48,713 - Time - 19 - DEBUG - self.day_input twenty foruth of april 2025
2025-04-24 15:45:48,713 - Time - 38 - DEBUG - date of ints ['2', '0', '2', '5']
2025-04-24 15:45:48,713 - Time - 54 - DEBUG - date not found: int() argument must be a string, a bytes-like object or a real number, not 'list'
2025-04-24 15:48:20,425 - main - 50 - INFO - teacher input: wilde
2025-04-24 15:48:20,426 - main - 55 - INFO - teacher known mrs_wilde.csv
2025-04-24 15:48:20,434 - main - 19 - INFO - teacher current position None
2025-04-24 15:48:20,434 - main - 20 - INFO - teacher class None
2025-04-24 15:48:20,434 - main - 63 - INFO - place unknown (None, None)
2025-04-24 15:48:22,882 - main - 81 - INFO - user carry on input yes
2025-04-24 15:48:22,882 - main - 140 - DEBUG - no space word yes
2025-04-24 15:48:22,883 - main - 162 - DEBUG - word candidates yes
2025-04-24 15:48:22,883 - main - 143 - DEBUG - is word positive True
2025-04-24 15:48:22,883 - main - 162 - DEBUG - word candidates None
2025-04-24 15:48:22,883 - main - 145 - DEBUG - is word negative False
2025-04-24 15:48:22,883 - main - 84 - INFO - revised input True
2025-04-24 15:48:22,884 - main - 29 - INFO - asking second time
2025-04-24 15:48:24,139 - main - 50 - INFO - teacher input: wilde
2025-04-24 15:48:24,139 - main - 55 - INFO - teacher known mrs_wilde.csv
2025-04-24 15:48:24,139 - main - 99 - INFO - starting ask period loop
2025-04-24 15:48:25,231 - main - 101 - INFO - inputed time: 12
2025-04-24 15:48:25,323 - Period - 24 - DEBUG - split input: [12]
2025-04-24 15:48:25,324 - Period - 25 - DEBUG - spacless input: 12
2025-04-24 15:48:25,324 - Period - 26 - DEBUG - list input: ['1', '2']
2025-04-24 15:48:25,324 - Period - 55 - DEBUG - pm: False, am: False
2025-04-24 15:48:25,324 - Period - 56 - DEBUG - has period: False
2025-04-24 15:48:25,324 - Period - 72 - DEBUG - period as int 12
2025-04-24 15:48:25,324 - Period - 83 - DEBUG - num time found 12
2025-04-24 15:48:25,324 - Period - 103 - DEBUG - not long enough time unsupported operand type(s) for -: 'NoneType' and 'int'
2025-04-24 15:48:25,324 - Period - 109 - DEBUG - integer list [12]
2025-04-24 15:48:25,324 - Period - 121 - DEBUG - concentrated integer list [12]
2025-04-24 15:48:25,324 - main - 112 - INFO - period: None time: 12.0
2025-04-24 15:48:25,325 - main - 118 - INFO - starting ask time loop
2025-04-24 15:48:33,389 - main - 121 - INFO - inputed day: twenty forth of april 2025
2025-04-24 15:48:33,389 - Time - 19 - DEBUG - self.day_input twenty forth of april 2025
2025-04-24 15:48:33,389 - Time - 38 - DEBUG - date of ints ['2', '0', '2', '5']
2025-04-24 15:48:33,389 - Time - 54 - DEBUG - date not found: int() argument must be a string, a bytes-like object or a real number, not 'list'
2025-04-24 15:48:33,481 - Time - 78 - DEBUG - combined words ['twentyforth', 'of', 'april', '2025']
2025-04-24 15:48:33,481 - Time - 93 - DEBUG - months as ints ['twentyforth', 'of', 'april', '2025']
2025-04-24 15:48:33,481 - Time - 94 - DEBUG - month: None
2025-04-24 15:48:33,481 - Time - 93 - DEBUG - months as ints ['twentyforth', 'of', 'april', '2025']
2025-04-24 15:48:33,481 - Time - 94 - DEBUG - month: None
2025-04-24 15:48:33,482 - Time - 93 - DEBUG - months as ints ['twentyforth', 'of', 4, '2025']
2025-04-24 15:48:33,482 - Time - 94 - DEBUG - month: 4
2025-04-24 15:48:33,482 - Time - 93 - DEBUG - months as ints ['twentyforth', 'of', 4, 2025]
2025-04-24 15:48:33,482 - Time - 94 - DEBUG - month: 4
2025-04-24 15:48:33,482 - Time - 107 - DEBUG - normal_date_format = False
2025-04-24 15:48:33,482 - Time - 114 - DEBUG - day: 2025
2025-04-24 15:48:33,482 - Time - 115 - DEBUG - month: 4
2025-04-24 15:48:33,482 - Time - 116 - DEBUG - year: 25
2025-04-24 15:50:48,252 - main - 50 - INFO - teacher input: wide
2025-04-24 15:50:48,253 - main - 55 - INFO - teacher known mrs_wilde.csv
2025-04-24 15:50:48,261 - main - 19 - INFO - teacher current position None
2025-04-24 15:50:48,262 - main - 20 - INFO - teacher class None
2025-04-24 15:50:48,262 - main - 63 - INFO - place unknown (None, None)
2025-04-24 15:50:48,823 - main - 81 - INFO - user carry on input yes
2025-04-24 15:50:48,823 - main - 141 - DEBUG - no space word yes
2025-04-24 15:50:48,824 - main - 163 - DEBUG - word candidates yes
2025-04-24 15:50:48,824 - main - 144 - DEBUG - is word positive True
2025-04-24 15:50:48,824 - main - 163 - DEBUG - word candidates None
2025-04-24 15:50:48,824 - main - 146 - DEBUG - is word negative False
2025-04-24 15:50:48,824 - main - 84 - INFO - revised input True
2025-04-24 15:50:48,825 - main - 29 - INFO - asking second time
2025-04-24 15:50:49,487 - main - 50 - INFO - teacher input: wilde
2025-04-24 15:50:49,488 - main - 55 - INFO - teacher known mrs_wilde.csv
2025-04-24 15:50:49,488 - main - 99 - INFO - starting ask period loop
2025-04-24 15:50:50,973 - main - 101 - INFO - inputed time: 12
2025-04-24 15:50:51,070 - Period - 24 - DEBUG - split input: [12]
2025-04-24 15:50:51,071 - Period - 25 - DEBUG - spacless input: 12
2025-04-24 15:50:51,071 - Period - 26 - DEBUG - list input: ['1', '2']
2025-04-24 15:50:51,071 - Period - 55 - DEBUG - pm: False, am: False
2025-04-24 15:50:51,071 - Period - 56 - DEBUG - has period: False
2025-04-24 15:50:51,071 - Period - 72 - DEBUG - period as int 12
2025-04-24 15:50:51,071 - Period - 83 - DEBUG - num time found 12
2025-04-24 15:50:51,071 - Period - 103 - DEBUG - not long enough time unsupported operand type(s) for -: 'NoneType' and 'int'
2025-04-24 15:50:51,071 - Period - 109 - DEBUG - integer list [12]
2025-04-24 15:50:51,071 - Period - 121 - DEBUG - concentrated integer list [12]
2025-04-24 15:50:51,072 - main - 112 - INFO - period: None time: 12.0
2025-04-24 15:50:51,072 - main - 118 - INFO - starting ask time loop
2025-04-24 15:50:58,708 - main - 121 - INFO - inputed day: twnety fourth of april 2025
2025-04-24 15:50:58,708 - Time - 19 - DEBUG - self.day_input twnety fourth of april 2025
2025-04-24 15:50:58,708 - Time - 38 - DEBUG - date of ints ['2', '0', '2', '5']
2025-04-24 15:50:58,709 - Time - 54 - DEBUG - date not found: int() argument must be a string, a bytes-like object or a real number, not 'list'
2025-04-24 15:50:58,802 - Time - 78 - DEBUG - combined words ['twentyfourth', 'of', 'april', '2025']
2025-04-24 15:50:58,802 - Time - 93 - DEBUG - months as ints [24, 'of', 'april', '2025']
2025-04-24 15:50:58,802 - Time - 94 - DEBUG - month: None
2025-04-24 15:50:58,802 - Time - 93 - DEBUG - months as ints [24, 'of', 'april', '2025']
2025-04-24 15:50:58,802 - Time - 94 - DEBUG - month: None
2025-04-24 15:50:58,802 - Time - 93 - DEBUG - months as ints [24, 'of', 4, '2025']
2025-04-24 15:50:58,803 - Time - 94 - DEBUG - month: 4
2025-04-24 15:50:58,803 - Time - 93 - DEBUG - months as ints [24, 'of', 4, 2025]
2025-04-24 15:50:58,803 - Time - 94 - DEBUG - month: 4
2025-04-24 15:50:58,803 - Time - 107 - DEBUG - normal_date_format = True
2025-04-24 15:50:58,803 - Time - 114 - DEBUG - day: 24
2025-04-24 15:50:58,803 - Time - 115 - DEBUG - month: 4
2025-04-24 15:50:58,803 - Time - 116 - DEBUG - year: 25
2025-04-24 15:50:58,803 - main - 125 - INFO - day: None date: 240425
2025-04-24 15:52:36,672 - main - 50 - INFO - teacher input: wilde
2025-04-24 15:52:36,673 - main - 55 - INFO - teacher known mrs_wilde.csv
2025-04-24 15:52:36,681 - main - 19 - INFO - teacher current position None
2025-04-24 15:52:36,682 - main - 20 - INFO - teacher class None
2025-04-24 15:52:36,682 - main - 63 - INFO - place unknown (None, None)
2025-04-24 15:52:37,408 - main - 81 - INFO - user carry on input yes
2025-04-24 15:52:37,408 - main - 141 - DEBUG - no space word yes
2025-04-24 15:52:37,409 - main - 163 - DEBUG - word candidates yes
2025-04-24 15:52:37,409 - main - 144 - DEBUG - is word positive True
2025-04-24 15:52:37,410 - main - 163 - DEBUG - word candidates None
2025-04-24 15:52:37,410 - main - 146 - DEBUG - is word negative False
2025-04-24 15:52:37,410 - main - 84 - INFO - revised input True
2025-04-24 15:52:37,410 - main - 29 - INFO - asking second time
2025-04-24 15:52:38,221 - main - 50 - INFO - teacher input: wilde
2025-04-24 15:52:38,222 - main - 55 - INFO - teacher known mrs_wilde.csv
2025-04-24 15:52:38,222 - main - 99 - INFO - starting ask period loop
2025-04-24 15:52:38,990 - main - 101 - INFO - inputed time: 12
2025-04-24 15:52:39,081 - Period - 24 - DEBUG - split input: [12]
2025-04-24 15:52:39,151 - Period - 25 - DEBUG - spacless input: 12
2025-04-24 15:52:39,151 - Period - 26 - DEBUG - list input: ['1', '2']
2025-04-24 15:52:39,151 - Period - 55 - DEBUG - pm: False, am: False
2025-04-24 15:52:39,152 - Period - 56 - DEBUG - has period: False
2025-04-24 15:52:39,152 - Period - 72 - DEBUG - period as int 12
2025-04-24 15:52:39,152 - Period - 83 - DEBUG - num time found 12
2025-04-24 15:52:39,152 - Period - 103 - DEBUG - not long enough time unsupported operand type(s) for -: 'NoneType' and 'int'
2025-04-24 15:52:39,152 - Period - 109 - DEBUG - integer list [12]
2025-04-24 15:52:39,152 - Period - 121 - DEBUG - concentrated integer list [12]
2025-04-24 15:52:39,152 - main - 112 - INFO - period: None time: 12.0
2025-04-24 15:52:39,152 - main - 118 - INFO - starting ask time loop
2025-04-24 15:52:48,666 - main - 121 - INFO - inputed day: twenty forth of april 2025
2025-04-24 15:52:48,666 - Time - 19 - DEBUG - self.day_input twenty forth of april 2025
2025-04-24 15:52:48,666 - Time - 38 - DEBUG - date of ints ['2', '0', '2', '5']
2025-04-24 15:52:48,666 - Time - 54 - DEBUG - date not found: int() argument must be a string, a bytes-like object or a real number, not 'list'
2025-04-24 15:52:48,758 - Time - 78 - DEBUG - combined words ['twentyforth', 'of', 'april', '2025']
2025-04-24 15:52:48,758 - Time - 93 - DEBUG - months as ints ['twentyforth', 'of', 'april', '2025']
2025-04-24 15:52:48,758 - Time - 94 - DEBUG - month: None
2025-04-24 15:52:48,758 - Time - 93 - DEBUG - months as ints ['twentyforth', 'of', 'april', '2025']
2025-04-24 15:52:48,758 - Time - 94 - DEBUG - month: None
2025-04-24 15:52:48,758 - Time - 93 - DEBUG - months as ints ['twentyforth', 'of', 4, '2025']
2025-04-24 15:52:48,759 - Time - 94 - DEBUG - month: 4
2025-04-24 15:52:48,759 - Time - 93 - DEBUG - months as ints ['twentyforth', 'of', 4, 2025]
2025-04-24 15:52:48,759 - Time - 94 - DEBUG - month: 4
2025-04-24 15:52:48,759 - Time - 107 - DEBUG - normal_date_format = False
2025-04-24 15:52:48,759 - Time - 114 - DEBUG - day: 2025
2025-04-24 15:52:48,759 - Time - 115 - DEBUG - month: 4
2025-04-24 15:52:48,759 - Time - 116 - DEBUG - year: 25
2025-04-24 15:52:48,759 - main - 125 - INFO - day: None date: 20250425
2025-04-24 15:53:56,954 - main - 50 - INFO - teacher input: wild
2025-04-24 15:53:56,955 - main - 55 - INFO - teacher known mrs_wilde.csv
2025-04-24 15:53:56,963 - main - 19 - INFO - teacher current position None
2025-04-24 15:53:56,963 - main - 20 - INFO - teacher class None
2025-04-24 15:53:56,963 - main - 63 - INFO - place unknown (None, None)
2025-04-24 15:53:58,025 - main - 81 - INFO - user carry on input yes
2025-04-24 15:53:58,025 - main - 141 - DEBUG - no space word yes
2025-04-24 15:53:58,026 - main - 163 - DEBUG - word candidates yes
2025-04-24 15:53:58,026 - main - 144 - DEBUG - is word positive True
2025-04-24 15:53:58,026 - main - 163 - DEBUG - word candidates None
2025-04-24 15:53:58,026 - main - 146 - DEBUG - is word negative False
2025-04-24 15:53:58,026 - main - 84 - INFO - revised input True
2025-04-24 15:53:58,026 - main - 29 - INFO - asking second time
2025-04-24 15:53:58,696 - main - 50 - INFO - teacher input: wilde
2025-04-24 15:53:58,697 - main - 55 - INFO - teacher known mrs_wilde.csv
2025-04-24 15:53:58,697 - main - 99 - INFO - starting ask period loop
2025-04-24 15:54:00,735 - main - 101 - INFO - inputed time: 12
2025-04-24 15:54:00,834 - Period - 24 - DEBUG - split input: [12]
2025-04-24 15:54:00,938 - Period - 25 - DEBUG - spacless input: 12
2025-04-24 15:54:00,938 - Period - 26 - DEBUG - list input: ['1', '2']
2025-04-24 15:54:00,938 - Period - 55 - DEBUG - pm: False, am: False
2025-04-24 15:54:00,938 - Period - 56 - DEBUG - has period: False
2025-04-24 15:54:00,938 - Period - 72 - DEBUG - period as int 12
2025-04-24 15:54:00,938 - Period - 83 - DEBUG - num time found 12
2025-04-24 15:54:00,938 - Period - 103 - DEBUG - not long enough time unsupported operand type(s) for -: 'NoneType' and 'int'
2025-04-24 15:54:00,938 - Period - 109 - DEBUG - integer list [12]
2025-04-24 15:54:00,938 - Period - 121 - DEBUG - concentrated integer list [12]
2025-04-24 15:54:00,938 - main - 112 - INFO - period: None time: 12.0
2025-04-24 15:54:00,938 - main - 118 - INFO - starting ask time loop
2025-04-24 15:54:07,636 - main - 121 - INFO - inputed day: twenty fourth of april 2025
2025-04-24 15:54:07,636 - Time - 19 - DEBUG - self.day_input twenty fourth of april 2025
2025-04-24 15:54:07,636 - Time - 38 - DEBUG - date of ints ['2', '0', '2', '5']
2025-04-24 15:54:07,636 - Time - 54 - DEBUG - date not found: int() argument must be a string, a bytes-like object or a real number, not 'list'
2025-04-24 15:54:07,730 - Time - 78 - DEBUG - combined words ['twentyfourth', 'of', 'april', '2025']
2025-04-24 15:54:07,746 - Time - 93 - DEBUG - months as ints [24, 'of', 'april', '2025']
2025-04-24 15:54:07,746 - Time - 94 - DEBUG - month: None
2025-04-24 15:54:07,746 - Time - 93 - DEBUG - months as ints [24, 'of', 'april', '2025']
2025-04-24 15:54:07,746 - Time - 94 - DEBUG - month: None
2025-04-24 15:54:07,746 - Time - 93 - DEBUG - months as ints [24, 'of', 4, '2025']
2025-04-24 15:54:07,746 - Time - 94 - DEBUG - month: 4
2025-04-24 15:54:07,746 - Time - 93 - DEBUG - months as ints [24, 'of', 4, 2025]
2025-04-24 15:54:07,746 - Time - 94 - DEBUG - month: 4
2025-04-24 15:54:07,746 - Time - 107 - DEBUG - normal_date_format = True
2025-04-24 15:54:07,746 - Time - 114 - DEBUG - day: 24
2025-04-24 15:54:07,746 - Time - 115 - DEBUG - month: 4
2025-04-24 15:54:07,747 - Time - 116 - DEBUG - year: 25
2025-04-24 15:54:07,747 - main - 125 - INFO - day: None date: 240425
2025-04-24 15:54:07,752 - main - 135 - INFO - day: None date: 24/04/2025
2025-04-24 15:54:07,753 - main - 63 - INFO - place unknown (None, None)
2025-04-24 15:59:56,207 - main - 50 - INFO - teacher input: wilde
2025-04-24 15:59:56,208 - main - 55 - INFO - teacher known mrs_wilde.csv
2025-04-24 15:59:56,217 - main - 19 - INFO - teacher current position None
2025-04-24 15:59:56,217 - main - 20 - INFO - teacher class None
2025-04-24 15:59:56,217 - main - 63 - INFO - place unknown (None, None)
2025-04-24 15:59:56,837 - main - 81 - INFO - user carry on input ues
2025-04-24 15:59:56,837 - main - 147 - DEBUG - no space word ues
2025-04-24 15:59:56,838 - main - 169 - DEBUG - word candidates yes
2025-04-24 15:59:56,838 - main - 150 - DEBUG - is word positive True
2025-04-24 15:59:56,838 - main - 169 - DEBUG - word candidates None
2025-04-24 15:59:56,838 - main - 152 - DEBUG - is word negative False
2025-04-24 15:59:56,839 - main - 84 - INFO - revised input True
2025-04-24 15:59:56,839 - main - 29 - INFO - asking second time
2025-04-24 15:59:57,942 - main - 50 - INFO - teacher input: wilde
2025-04-24 15:59:57,942 - main - 55 - INFO - teacher known mrs_wilde.csv
2025-04-24 15:59:57,942 - main - 99 - INFO - starting ask period loop
2025-04-24 15:59:58,682 - main - 101 - INFO - inputed time: 12
2025-04-24 15:59:58,776 - Period - 24 - DEBUG - split input: [12]
2025-04-24 15:59:58,776 - Period - 25 - DEBUG - spacless input: 12
2025-04-24 15:59:58,777 - Period - 26 - DEBUG - list input: ['1', '2']
2025-04-24 15:59:58,777 - Period - 55 - DEBUG - pm: False, am: False
2025-04-24 15:59:58,777 - Period - 56 - DEBUG - has period: False
2025-04-24 15:59:58,777 - Period - 72 - DEBUG - period as int 12
2025-04-24 15:59:58,777 - Period - 83 - DEBUG - num time found 12
2025-04-24 15:59:58,777 - Period - 103 - DEBUG - not long enough time unsupported operand type(s) for -: 'NoneType' and 'int'
2025-04-24 15:59:58,777 - Period - 109 - DEBUG - integer list [12]
2025-04-24 15:59:58,777 - Period - 121 - DEBUG - concentrated integer list [12]
2025-04-24 15:59:58,777 - main - 112 - INFO - period: None time: 12.0
2025-04-24 15:59:58,777 - main - 118 - INFO - starting ask time loop
2025-04-24 16:00:06,252 - main - 121 - INFO - inputed day: twenty forth of april 2025
2025-04-24 16:00:06,252 - Time - 19 - DEBUG - self.day_input twenty forth of april 2025
2025-04-24 16:00:06,252 - Time - 38 - DEBUG - date of ints ['2', '0', '2', '5']
2025-04-24 16:00:06,252 - Time - 54 - DEBUG - date not found: int() argument must be a string, a bytes-like object or a real number, not 'list'
2025-04-24 16:00:06,345 - Time - 78 - DEBUG - combined words ['twentyforth', 'of', 'april', '2025']
2025-04-24 16:00:06,345 - Time - 93 - DEBUG - months as ints ['twentyforth', 'of', 'april', '2025']
2025-04-24 16:00:06,345 - Time - 94 - DEBUG - month: None
2025-04-24 16:00:06,345 - Time - 93 - DEBUG - months as ints ['twentyforth', 'of', 'april', '2025']
2025-04-24 16:00:06,345 - Time - 94 - DEBUG - month: None
2025-04-24 16:00:06,345 - Time - 93 - DEBUG - months as ints ['twentyforth', 'of', 4, '2025']
2025-04-24 16:00:06,345 - Time - 94 - DEBUG - month: 4
2025-04-24 16:00:06,345 - Time - 93 - DEBUG - months as ints ['twentyforth', 'of', 4, 2025]
2025-04-24 16:00:06,346 - Time - 94 - DEBUG - month: 4
2025-04-24 16:00:06,346 - Time - 107 - DEBUG - normal_date_format = False
2025-04-24 16:00:06,346 - Time - 114 - DEBUG - day: 2025
2025-04-24 16:00:06,346 - Time - 115 - DEBUG - month: 4
2025-04-24 16:00:06,346 - Time - 116 - DEBUG - year: 25
2025-04-24 16:00:06,346 - main - 125 - INFO - day: None date: 20250425
2025-04-24 16:00:06,346 - main - 132 - INFO - date failed unconverted data remains: 425
2025-04-24 16:00:06,347 - main - 63 - INFO - place unknown (None, None)
2025-04-24 16:01:03,968 - main - 50 - INFO - teacher input: wilde
2025-04-24 16:01:03,969 - main - 55 - INFO - teacher known mrs_wilde.csv
2025-04-24 16:01:03,977 - main - 19 - INFO - teacher current position None
2025-04-24 16:01:03,977 - main - 20 - INFO - teacher class None
2025-04-24 16:01:03,977 - main - 63 - INFO - place unknown (None, None)
2025-04-24 16:01:04,554 - main - 81 - INFO - user carry on input yes
2025-04-24 16:01:04,555 - main - 146 - DEBUG - no space word yes
2025-04-24 16:01:04,555 - main - 168 - DEBUG - word candidates yes
2025-04-24 16:01:04,556 - main - 149 - DEBUG - is word positive True
2025-04-24 16:01:04,556 - main - 168 - DEBUG - word candidates None
2025-04-24 16:01:04,556 - main - 151 - DEBUG - is word negative False
2025-04-24 16:01:04,556 - main - 84 - INFO - revised input True
2025-04-24 16:01:04,557 - main - 29 - INFO - asking second time
2025-04-24 16:01:05,315 - main - 50 - INFO - teacher input: wilde
2025-04-24 16:01:05,316 - main - 55 - INFO - teacher known mrs_wilde.csv
2025-04-24 16:01:05,316 - main - 99 - INFO - starting ask period loop
2025-04-24 16:01:06,128 - main - 101 - INFO - inputed time: 12
2025-04-24 16:01:06,223 - Period - 24 - DEBUG - split input: [12]
2025-04-24 16:01:06,244 - Period - 25 - DEBUG - spacless input: 12
2025-04-24 16:01:06,244 - Period - 26 - DEBUG - list input: ['1', '2']
2025-04-24 16:01:06,244 - Period - 55 - DEBUG - pm: False, am: False
2025-04-24 16:01:06,244 - Period - 56 - DEBUG - has period: False
2025-04-24 16:01:06,244 - Period - 72 - DEBUG - period as int 12
2025-04-24 16:01:06,244 - Period - 83 - DEBUG - num time found 12
2025-04-24 16:01:06,244 - Period - 103 - DEBUG - not long enough time unsupported operand type(s) for -: 'NoneType' and 'int'
2025-04-24 16:01:06,244 - Period - 109 - DEBUG - integer list [12]
2025-04-24 16:01:06,244 - Period - 121 - DEBUG - concentrated integer list [12]
2025-04-24 16:01:06,244 - main - 112 - INFO - period: None time: 12.0
2025-04-24 16:01:06,244 - main - 118 - INFO - starting ask time loop
2025-04-24 16:01:11,757 - main - 121 - INFO - inputed day: twnety forth of april 2025
2025-04-24 16:01:11,757 - Time - 19 - DEBUG - self.day_input twnety forth of april 2025
2025-04-24 16:01:11,757 - Time - 38 - DEBUG - date of ints ['2', '0', '2', '5']
2025-04-24 16:01:11,757 - Time - 54 - DEBUG - date not found: int() argument must be a string, a bytes-like object or a real number, not 'list'
2025-04-24 16:01:11,849 - Time - 78 - DEBUG - combined words ['twentyforth', 'of', 'april', '2025']
2025-04-24 16:01:11,849 - Time - 93 - DEBUG - months as ints ['twentyforth', 'of', 'april', '2025']
2025-04-24 16:01:11,849 - Time - 94 - DEBUG - month: None
2025-04-24 16:01:11,849 - Time - 93 - DEBUG - months as ints ['twentyforth', 'of', 'april', '2025']
2025-04-24 16:01:11,849 - Time - 94 - DEBUG - month: None
2025-04-24 16:01:11,849 - Time - 93 - DEBUG - months as ints ['twentyforth', 'of', 4, '2025']
2025-04-24 16:01:11,849 - Time - 94 - DEBUG - month: 4
2025-04-24 16:01:11,849 - Time - 93 - DEBUG - months as ints ['twentyforth', 'of', 4, 2025]
2025-04-24 16:01:11,849 - Time - 94 - DEBUG - month: 4
2025-04-24 16:01:11,849 - Time - 107 - DEBUG - normal_date_format = False
2025-04-24 16:01:11,849 - Time - 114 - DEBUG - day: 2025
2025-04-24 16:01:11,849 - Time - 115 - DEBUG - month: 4
2025-04-24 16:01:11,849 - Time - 116 - DEBUG - year: 25
2025-04-24 16:01:11,849 - main - 125 - INFO - day: None date: 20250425
2025-04-24 16:01:11,850 - main - 132 - INFO - date failed unconverted data remains: 425
2025-04-24 16:01:11,855 - main - 140 - INFO - day: None date: 20250425
2025-04-24 16:01:11,856 - main - 63 - INFO - place unknown (None, None)
2025-04-24 16:02:07,360 - main - 50 - INFO - teacher input: wilde
2025-04-24 16:02:07,361 - main - 55 - INFO - teacher known mrs_wilde.csv
2025-04-24 16:02:07,369 - main - 19 - INFO - teacher current position None
2025-04-24 16:02:07,369 - main - 20 - INFO - teacher class None
2025-04-24 16:02:07,369 - main - 63 - INFO - place unknown (None, None)
2025-04-24 16:02:08,108 - main - 81 - INFO - user carry on input ues
2025-04-24 16:02:08,109 - main - 149 - DEBUG - no space word ues
2025-04-24 16:02:08,109 - main - 171 - DEBUG - word candidates yes
2025-04-24 16:02:08,109 - main - 152 - DEBUG - is word positive True
2025-04-24 16:02:08,110 - main - 171 - DEBUG - word candidates None
2025-04-24 16:02:08,110 - main - 154 - DEBUG - is word negative False
2025-04-24 16:02:08,110 - main - 84 - INFO - revised input True
2025-04-24 16:02:08,110 - main - 29 - INFO - asking second time
2025-04-24 16:02:09,098 - main - 50 - INFO - teacher input: wilde
2025-04-24 16:02:09,098 - main - 55 - INFO - teacher known mrs_wilde.csv
2025-04-24 16:02:09,098 - main - 99 - INFO - starting ask period loop
2025-04-24 16:02:09,764 - main - 101 - INFO - inputed time: 12
2025-04-24 16:02:09,859 - Period - 24 - DEBUG - split input: [12]
2025-04-24 16:02:09,859 - Period - 25 - DEBUG - spacless input: 12
2025-04-24 16:02:09,859 - Period - 26 - DEBUG - list input: ['1', '2']
2025-04-24 16:02:09,859 - Period - 55 - DEBUG - pm: False, am: False
2025-04-24 16:02:09,859 - Period - 56 - DEBUG - has period: False
2025-04-24 16:02:09,859 - Period - 72 - DEBUG - period as int 12
2025-04-24 16:02:09,860 - Period - 83 - DEBUG - num time found 12
2025-04-24 16:02:09,860 - Period - 103 - DEBUG - not long enough time unsupported operand type(s) for -: 'NoneType' and 'int'
2025-04-24 16:02:09,860 - Period - 109 - DEBUG - integer list [12]
2025-04-24 16:02:09,860 - Period - 121 - DEBUG - concentrated integer list [12]
2025-04-24 16:02:09,860 - main - 112 - INFO - period: None time: 12.0
2025-04-24 16:02:09,860 - main - 118 - INFO - starting ask time loop
2025-04-24 16:02:17,224 - main - 121 - INFO - inputed day: twenty forth of april 2025
2025-04-24 16:02:17,225 - Time - 19 - DEBUG - self.day_input twenty forth of april 2025
2025-04-24 16:02:17,225 - Time - 38 - DEBUG - date of ints ['2', '0', '2', '5']
2025-04-24 16:02:17,225 - Time - 54 - DEBUG - date not found: int() argument must be a string, a bytes-like object or a real number, not 'list'
2025-04-24 16:02:17,322 - Time - 78 - DEBUG - combined words ['twentyforth', 'of', 'april', '2025']
2025-04-24 16:02:17,322 - Time - 93 - DEBUG - months as ints ['twentyforth', 'of', 'april', '2025']
2025-04-24 16:02:17,322 - Time - 94 - DEBUG - month: None
2025-04-24 16:02:17,322 - Time - 93 - DEBUG - months as ints ['twentyforth', 'of', 'april', '2025']
2025-04-24 16:02:17,322 - Time - 94 - DEBUG - month: None
2025-04-24 16:02:17,322 - Time - 93 - DEBUG - months as ints ['twentyforth', 'of', 4, '2025']
2025-04-24 16:02:17,322 - Time - 94 - DEBUG - month: 4
2025-04-24 16:02:17,322 - Time - 93 - DEBUG - months as ints ['twentyforth', 'of', 4, 2025]
2025-04-24 16:02:17,322 - Time - 94 - DEBUG - month: 4
2025-04-24 16:02:17,322 - Time - 107 - DEBUG - normal_date_format = False
2025-04-24 16:02:17,322 - Time - 114 - DEBUG - day: 2025
2025-04-24 16:02:17,322 - Time - 115 - DEBUG - month: 4
2025-04-24 16:02:17,323 - Time - 116 - DEBUG - year: 25
2025-04-24 16:02:17,323 - main - 125 - INFO - day: None date: 20250425
2025-04-24 16:02:17,323 - main - 132 - INFO - date failed unconverted data remains: 425
2025-04-24 16:02:17,328 - main - 143 - INFO - day: None date: None
2025-04-24 16:02:17,328 - main - 118 - INFO - starting ask time loop
2025-04-24 16:02:44,682 - main - 50 - INFO - teacher input: wilde
2025-04-24 16:02:44,683 - main - 55 - INFO - teacher known mrs_wilde.csv
2025-04-24 16:02:44,691 - main - 19 - INFO - teacher current position None
2025-04-24 16:02:44,691 - main - 20 - INFO - teacher class None
2025-04-24 16:02:44,691 - main - 63 - INFO - place unknown (None, None)
2025-04-24 16:02:46,052 - main - 81 - INFO - user carry on input yes
2025-04-24 16:02:46,052 - main - 149 - DEBUG - no space word yes
2025-04-24 16:02:46,053 - main - 171 - DEBUG - word candidates yes
2025-04-24 16:02:46,053 - main - 152 - DEBUG - is word positive True
2025-04-24 16:02:46,053 - main - 171 - DEBUG - word candidates None
2025-04-24 16:02:46,053 - main - 154 - DEBUG - is word negative False
2025-04-24 16:02:46,054 - main - 84 - INFO - revised input True
2025-04-24 16:02:46,054 - main - 29 - INFO - asking second time
2025-04-24 16:02:46,881 - main - 50 - INFO - teacher input: wilde
2025-04-24 16:02:46,882 - main - 55 - INFO - teacher known mrs_wilde.csv
2025-04-24 16:02:46,882 - main - 99 - INFO - starting ask period loop
2025-04-24 16:02:49,863 - main - 101 - INFO - inputed time: 12
2025-04-24 16:02:49,956 - Period - 24 - DEBUG - split input: [12]
2025-04-24 16:02:49,957 - Period - 25 - DEBUG - spacless input: 12
2025-04-24 16:02:49,957 - Period - 26 - DEBUG - list input: ['1', '2']
2025-04-24 16:02:49,957 - Period - 55 - DEBUG - pm: False, am: False
2025-04-24 16:02:49,957 - Period - 56 - DEBUG - has period: False
2025-04-24 16:02:49,957 - Period - 72 - DEBUG - period as int 12
2025-04-24 16:02:49,957 - Period - 83 - DEBUG - num time found 12
2025-04-24 16:02:49,957 - Period - 103 - DEBUG - not long enough time unsupported operand type(s) for -: 'NoneType' and 'int'
2025-04-24 16:02:49,957 - Period - 109 - DEBUG - integer list [12]
2025-04-24 16:02:49,957 - Period - 121 - DEBUG - concentrated integer list [12]
2025-04-24 16:02:49,958 - main - 112 - INFO - period: None time: 12.0
2025-04-24 16:02:49,958 - main - 118 - INFO - starting ask time loop
2025-04-24 16:03:00,280 - main - 121 - INFO - inputed day: twenty fouth or april 2025
2025-04-24 16:03:00,280 - Time - 19 - DEBUG - self.day_input twenty fouth or april 2025
2025-04-24 16:03:00,280 - Time - 38 - DEBUG - date of ints ['2', '0', '2', '5']
2025-04-24 16:03:00,280 - Time - 54 - DEBUG - date not found: int() argument must be a string, a bytes-like object or a real number, not 'list'
2025-04-24 16:03:00,376 - Time - 78 - DEBUG - combined words ['twentymouth', 'or', 'april', '2025']
2025-04-24 16:03:00,376 - Time - 93 - DEBUG - months as ints ['twentymouth', 'or', 'april', '2025']
2025-04-24 16:03:00,376 - Time - 94 - DEBUG - month: None
2025-04-24 16:03:00,376 - Time - 93 - DEBUG - months as ints ['twentymouth', 'or', 'april', '2025']
2025-04-24 16:03:00,376 - Time - 94 - DEBUG - month: None
2025-04-24 16:03:00,376 - Time - 93 - DEBUG - months as ints ['twentymouth', 'or', 4, '2025']
2025-04-24 16:03:00,376 - Time - 94 - DEBUG - month: 4
2025-04-24 16:03:00,376 - Time - 93 - DEBUG - months as ints ['twentymouth', 'or', 4, 2025]
2025-04-24 16:03:00,376 - Time - 94 - DEBUG - month: 4
2025-04-24 16:03:00,376 - Time - 107 - DEBUG - normal_date_format = False
2025-04-24 16:03:00,376 - Time - 114 - DEBUG - day: 2025
2025-04-24 16:03:00,376 - Time - 115 - DEBUG - month: 4
2025-04-24 16:03:00,376 - Time - 116 - DEBUG - year: 25
2025-04-24 16:03:00,376 - main - 125 - INFO - day: None date: 20250425
2025-04-24 16:03:00,376 - main - 132 - INFO - date failed unconverted data remains: 425
2025-04-24 16:03:00,382 - main - 143 - INFO - day: None date: None
2025-04-24 16:03:00,382 - main - 118 - INFO - starting ask time loop
2025-04-24 16:14:48,671 - main - 121 - INFO - inputed day: twenty seventh of april 2025
2025-04-24 16:14:48,671 - Time - 19 - DEBUG - self.day_input twenty seventh of april 2025
2025-04-24 16:14:48,671 - Time - 38 - DEBUG - date of ints ['2', '0', '2', '5']
2025-04-24 16:14:48,671 - Time - 54 - DEBUG - date not found: int() argument must be a string, a bytes-like object or a real number, not 'list'
2025-04-24 16:14:48,768 - Time - 78 - DEBUG - combined words ['twentyseventh', 'of', 'april', '2025']
2025-04-24 16:14:48,769 - Time - 93 - DEBUG - months as ints [27, 'of', 'april', '2025']
2025-04-24 16:14:48,769 - Time - 94 - DEBUG - month: 4
2025-04-24 16:14:48,769 - Time - 93 - DEBUG - months as ints [27, 'of', 'april', '2025']
2025-04-24 16:14:48,769 - Time - 94 - DEBUG - month: 4
2025-04-24 16:14:48,769 - Time - 93 - DEBUG - months as ints [27, 'of', 4, '2025']
2025-04-24 16:14:48,769 - Time - 94 - DEBUG - month: 4
2025-04-24 16:14:48,769 - Time - 93 - DEBUG - months as ints [27, 'of', 4, 2025]
2025-04-24 16:14:48,769 - Time - 94 - DEBUG - month: 4
2025-04-24 16:14:48,769 - Time - 107 - DEBUG - normal_date_format = True
2025-04-24 16:14:48,769 - Time - 114 - DEBUG - day: 27
2025-04-24 16:14:48,770 - Time - 115 - DEBUG - month: 4
2025-04-24 16:14:48,770 - Time - 116 - DEBUG - year: 25
2025-04-24 16:14:48,770 - main - 125 - INFO - day: None date: 270425
2025-04-24 16:14:48,775 - main - 143 - INFO - day: None date: 27/04/2025
2025-04-24 16:14:48,776 - main - 63 - INFO - place unknown (None, None)
2025-04-24 16:19:46,565 - main - 50 - INFO - teacher input: wilde
2025-04-24 16:19:46,566 - main - 55 - INFO - teacher known mrs_wilde.csv
2025-04-24 16:19:46,574 - main - 19 - INFO - teacher current position None
2025-04-24 16:19:46,575 - main - 20 - INFO - teacher class None
2025-04-24 16:19:46,575 - main - 63 - INFO - place unknown (None, None)
2025-04-24 16:19:47,458 - main - 81 - INFO - user carry on input yues
2025-04-24 16:19:47,458 - main - 151 - DEBUG - no space word yues
2025-04-24 16:19:47,459 - main - 173 - DEBUG - word candidates yes
2025-04-24 16:19:47,459 - main - 154 - DEBUG - is word positive True
2025-04-24 16:19:47,479 - main - 173 - DEBUG - word candidates None
2025-04-24 16:19:47,479 - main - 156 - DEBUG - is word negative False
2025-04-24 16:19:47,480 - main - 84 - INFO - revised input True
2025-04-24 16:19:47,480 - main - 29 - INFO - asking second time
2025-04-24 16:19:48,895 - main - 50 - INFO - teacher input: wilde
2025-04-24 16:19:48,896 - main - 55 - INFO - teacher known mrs_wilde.csv
2025-04-24 16:19:48,896 - main - 99 - INFO - starting ask period loop
2025-04-24 16:19:50,081 - main - 101 - INFO - inputed time: 12
2025-04-24 16:19:50,178 - Period - 24 - DEBUG - split input: [12]
2025-04-24 16:19:50,178 - Period - 25 - DEBUG - spacless input: 12
2025-04-24 16:19:50,178 - Period - 26 - DEBUG - list input: ['1', '2']
2025-04-24 16:19:50,178 - Period - 55 - DEBUG - pm: False, am: False
2025-04-24 16:19:50,178 - Period - 56 - DEBUG - has period: False
2025-04-24 16:19:50,178 - Period - 72 - DEBUG - period as int 12
2025-04-24 16:19:50,178 - Period - 83 - DEBUG - num time found 12
2025-04-24 16:19:50,179 - Period - 103 - DEBUG - not long enough time unsupported operand type(s) for -: 'NoneType' and 'int'
2025-04-24 16:19:50,179 - Period - 109 - DEBUG - integer list [12]
2025-04-24 16:19:50,179 - Period - 121 - DEBUG - concentrated integer list [12]
2025-04-24 16:19:50,179 - main - 112 - INFO - period: None time: 12.0
2025-04-24 16:19:50,179 - main - 118 - INFO - starting ask time loop
2025-04-24 16:19:57,905 - main - 121 - INFO - inputed day: twenty fouth of april 2025
2025-04-24 16:19:57,905 - Time - 19 - DEBUG - self.day_input twenty fouth of april 2025
2025-04-24 16:19:57,905 - Time - 38 - DEBUG - date of ints ['2', '0', '2', '5']
2025-04-24 16:19:57,905 - Time - 54 - DEBUG - date not found: int() argument must be a string, a bytes-like object or a real number, not 'list'
2025-04-24 16:19:57,999 - Time - 78 - DEBUG - combined words ['twentymouth', 'of', 'april', '2025']
2025-04-24 16:19:57,999 - Time - 93 - DEBUG - months as ints ['twentymouth', 'of', 'april', '2025']
2025-04-24 16:19:57,999 - Time - 94 - DEBUG - month: None
2025-04-24 16:19:57,999 - Time - 93 - DEBUG - months as ints ['twentymouth', 'of', 'april', '2025']
2025-04-24 16:19:57,999 - Time - 94 - DEBUG - month: None
2025-04-24 16:19:57,999 - Time - 93 - DEBUG - months as ints ['twentymouth', 'of', 4, '2025']
2025-04-24 16:19:57,999 - Time - 94 - DEBUG - month: 4
2025-04-24 16:19:58,000 - Time - 93 - DEBUG - months as ints ['twentymouth', 'of', 4, 2025]
2025-04-24 16:19:58,000 - Time - 94 - DEBUG - month: 4
2025-04-24 16:19:58,000 - Time - 107 - DEBUG - normal_date_format = False
2025-04-24 16:19:58,000 - Time - 114 - DEBUG - day: 2025
2025-04-24 16:19:58,000 - Time - 115 - DEBUG - month: 4
2025-04-24 16:19:58,000 - Time - 116 - DEBUG - year: 25
2025-04-24 16:19:58,000 - main - 125 - INFO - day: None date: 20250425
2025-04-24 16:19:58,000 - main - 132 - INFO - date failed unconverted data remains: 425
2025-04-24 16:19:58,006 - main - 145 - INFO - day: None date: None
2025-04-24 16:19:58,006 - main - 118 - INFO - starting ask time loop
2025-04-24 16:20:20,124 - main - 121 - INFO - inputed day: twenty fourth of april twenty twenty five
2025-04-24 16:20:20,124 - Time - 19 - DEBUG - self.day_input twenty fourth of april twenty twenty five
2025-04-24 16:20:20,124 - Time - 38 - DEBUG - date of ints []
2025-04-24 16:20:20,220 - Time - 78 - DEBUG - combined words ['twentyfourth', 'of', 'april', 'twentytwenty', 'five']
2025-04-24 16:20:20,220 - Time - 93 - DEBUG - months as ints [24, 'of', 'april', 'twentytwenty', 'five']
2025-04-24 16:20:20,220 - Time - 94 - DEBUG - month: 4
2025-04-24 16:20:20,220 - Time - 93 - DEBUG - months as ints [24, 'of', 'april', 'twentytwenty', 'five']
2025-04-24 16:20:20,220 - Time - 94 - DEBUG - month: 4
2025-04-24 16:20:20,220 - Time - 93 - DEBUG - months as ints [24, 'of', 4, 'twentytwenty', 'five']
2025-04-24 16:20:20,220 - Time - 94 - DEBUG - month: 4
2025-04-24 16:20:20,220 - Time - 93 - DEBUG - months as ints [24, 'of', 4, 'twentytwenty', 'five']
2025-04-24 16:20:20,220 - Time - 94 - DEBUG - month: 4
2025-04-24 16:20:20,220 - Time - 93 - DEBUG - months as ints [24, 'of', 4, 'twentytwenty', 'five']
2025-04-24 16:20:20,220 - Time - 94 - DEBUG - month: 4
2025-04-24 16:20:20,220 - Time - 107 - DEBUG - normal_date_format = True
2025-04-24 16:20:20,220 - Time - 114 - DEBUG - day: 24
2025-04-24 16:20:20,220 - Time - 115 - DEBUG - month: 4
2025-04-24 16:20:20,220 - Time - 116 - DEBUG - year: 25
2025-04-24 16:20:20,220 - main - 125 - INFO - day: None date: 240425
2025-04-24 16:20:20,226 - main - 145 - INFO - day: None date: 24/04/2025
2025-04-24 16:20:20,227 - main - 63 - INFO - place unknown (None, None)
2025-04-24 16:20:50,397 - main - 50 - INFO - teacher input: wilde
2025-04-24 16:20:50,398 - main - 55 - INFO - teacher known mrs_wilde.csv
2025-04-24 16:20:50,406 - main - 19 - INFO - teacher current position None
2025-04-24 16:20:50,406 - main - 20 - INFO - teacher class None
2025-04-24 16:20:50,406 - main - 63 - INFO - place unknown (None, None)
2025-04-24 16:20:51,177 - main - 81 - INFO - user carry on input yes
2025-04-24 16:20:51,177 - main - 151 - DEBUG - no space word yes
2025-04-24 16:20:51,178 - main - 173 - DEBUG - word candidates yes
2025-04-24 16:20:51,178 - main - 154 - DEBUG - is word positive True
2025-04-24 16:20:51,178 - main - 173 - DEBUG - word candidates None
2025-04-24 16:20:51,178 - main - 156 - DEBUG - is word negative False
2025-04-24 16:20:51,178 - main - 84 - INFO - revised input True
2025-04-24 16:20:51,179 - main - 29 - INFO - asking second time
2025-04-24 16:20:52,929 - main - 50 - INFO - teacher input: wide
2025-04-24 16:20:52,929 - main - 55 - INFO - teacher known mrs_wilde.csv
2025-04-24 16:20:52,929 - main - 99 - INFO - starting ask period loop
2025-04-24 16:20:54,041 - main - 101 - INFO - inputed time: 12
2025-04-24 16:20:54,134 - Period - 24 - DEBUG - split input: [12]
2025-04-24 16:20:54,134 - Period - 25 - DEBUG - spacless input: 12
2025-04-24 16:20:54,134 - Period - 26 - DEBUG - list input: ['1', '2']
2025-04-24 16:20:54,134 - Period - 55 - DEBUG - pm: False, am: False
2025-04-24 16:20:54,135 - Period - 56 - DEBUG - has period: False
2025-04-24 16:20:54,135 - Period - 72 - DEBUG - period as int 12
2025-04-24 16:20:54,135 - Period - 83 - DEBUG - num time found 12
2025-04-24 16:20:54,135 - Period - 103 - DEBUG - not long enough time unsupported operand type(s) for -: 'NoneType' and 'int'
2025-04-24 16:20:54,135 - Period - 109 - DEBUG - integer list [12]
2025-04-24 16:20:54,135 - Period - 121 - DEBUG - concentrated integer list [12]
2025-04-24 16:20:54,135 - main - 112 - INFO - period: None time: 12.0
2025-04-24 16:20:54,135 - main - 118 - INFO - starting ask time loop
2025-04-24 16:21:11,963 - main - 121 - INFO - inputed day: twenty ninth of april twenty twenty four
2025-04-24 16:21:11,963 - Time - 19 - DEBUG - self.day_input twenty ninth of april twenty twenty four
2025-04-24 16:21:11,963 - Time - 38 - DEBUG - date of ints []
2025-04-24 16:21:12,056 - Time - 78 - DEBUG - combined words ['twentyninth', 'of', 'april', 'twentytwenty', 'four']
2025-04-24 16:21:12,056 - Time - 93 - DEBUG - months as ints [29, 'of', 'april', 'twentytwenty', 'four']
2025-04-24 16:21:12,056 - Time - 94 - DEBUG - month: None
2025-04-24 16:21:12,056 - Time - 93 - DEBUG - months as ints [29, 'of', 'april', 'twentytwenty', 'four']
2025-04-24 16:21:12,056 - Time - 94 - DEBUG - month: None
2025-04-24 16:21:12,056 - Time - 93 - DEBUG - months as ints [29, 'of', 4, 'twentytwenty', 'four']
2025-04-24 16:21:12,056 - Time - 94 - DEBUG - month: 4
2025-04-24 16:21:12,056 - Time - 93 - DEBUG - months as ints [29, 'of', 4, 'twentytwenty', 'four']
2025-04-24 16:21:12,057 - Time - 94 - DEBUG - month: 4
2025-04-24 16:21:12,057 - Time - 93 - DEBUG - months as ints [29, 'of', 4, 'twentytwenty', 'four']
2025-04-24 16:21:12,057 - Time - 94 - DEBUG - month: 4
2025-04-24 16:21:12,057 - Time - 107 - DEBUG - normal_date_format = True
2025-04-24 16:21:12,057 - Time - 114 - DEBUG - day: 29
2025-04-24 16:21:12,057 - Time - 115 - DEBUG - month: 4
2025-04-24 16:21:12,057 - Time - 116 - DEBUG - year: 25
2025-04-24 16:21:12,057 - main - 125 - INFO - day: None date: 290425
2025-04-24 16:21:12,063 - main - 145 - INFO - day: None date: 29/04/2025
2025-04-24 16:21:12,064 - main - 67 - INFO - location known ('JP11', '12COM7')
2025-04-24 16:25:49,861 - main - 50 - INFO - teacher input: wilde
2025-04-24 16:25:49,861 - main - 55 - INFO - teacher known mrs_wilde.csv
2025-04-24 16:25:49,871 - main - 19 - INFO - teacher current position None
2025-04-24 16:25:49,871 - main - 20 - INFO - teacher class None
2025-04-24 16:25:49,871 - main - 63 - INFO - place unknown (None, None)
2025-04-24 16:25:50,439 - main - 81 - INFO - user carry on input ues
2025-04-24 16:25:50,439 - main - 151 - DEBUG - no space word ues
2025-04-24 16:25:50,440 - main - 173 - DEBUG - word candidates yes
2025-04-24 16:25:50,440 - main - 154 - DEBUG - is word positive True
2025-04-24 16:25:50,440 - main - 173 - DEBUG - word candidates None
2025-04-24 16:25:50,440 - main - 156 - DEBUG - is word negative False
2025-04-24 16:25:50,440 - main - 84 - INFO - revised input True
2025-04-24 16:25:50,441 - main - 29 - INFO - asking second time
2025-04-24 16:25:51,421 - main - 50 - INFO - teacher input: wilde
2025-04-24 16:25:51,421 - main - 55 - INFO - teacher known mrs_wilde.csv
2025-04-24 16:25:51,422 - main - 99 - INFO - starting ask period loop
2025-04-24 16:25:52,346 - main - 101 - INFO - inputed time: 12
2025-04-24 16:25:52,441 - Period - 24 - DEBUG - split input: [12]
2025-04-24 16:25:52,441 - Period - 25 - DEBUG - spacless input: 12
2025-04-24 16:25:52,441 - Period - 26 - DEBUG - list input: ['1', '2']
2025-04-24 16:25:52,442 - Period - 55 - DEBUG - pm: False, am: False
2025-04-24 16:25:52,442 - Period - 56 - DEBUG - has period: False
2025-04-24 16:25:52,442 - Period - 72 - DEBUG - period as int 12
2025-04-24 16:25:52,442 - Period - 83 - DEBUG - num time found 12
2025-04-24 16:25:52,442 - Period - 103 - DEBUG - not long enough time unsupported operand type(s) for -: 'NoneType' and 'int'
2025-04-24 16:25:52,442 - Period - 109 - DEBUG - integer list [12]
2025-04-24 16:25:52,442 - Period - 121 - DEBUG - concentrated integer list [12]
2025-04-24 16:25:52,442 - main - 112 - INFO - period: None time: 12.0
2025-04-24 16:25:52,442 - main - 118 - INFO - starting ask time loop
2025-04-24 16:26:05,574 - main - 121 - INFO - inputed day: twnety ninth of may 2025
2025-04-24 16:26:05,574 - Time - 19 - DEBUG - self.day_input twnety ninth of may 2025
2025-04-24 16:26:05,574 - Time - 38 - DEBUG - date of ints ['2', '0', '2', '5']
2025-04-24 16:26:05,574 - Time - 54 - DEBUG - date not found: int() argument must be a string, a bytes-like object or a real number, not 'list'
2025-04-24 16:26:05,671 - Time - 75 - DEBUG - last bit of word t
2025-04-24 16:26:40,937 - main - 50 - INFO - teacher input: wilde
2025-04-24 16:26:40,937 - main - 55 - INFO - teacher known mrs_wilde.csv
2025-04-24 16:26:40,946 - main - 19 - INFO - teacher current position None
2025-04-24 16:26:40,946 - main - 20 - INFO - teacher class None
2025-04-24 16:26:40,946 - main - 63 - INFO - place unknown (None, None)
2025-04-24 16:26:41,591 - main - 81 - INFO - user carry on input ues
2025-04-24 16:26:41,591 - main - 151 - DEBUG - no space word ues
2025-04-24 16:26:41,592 - main - 173 - DEBUG - word candidates yes
2025-04-24 16:26:41,592 - main - 154 - DEBUG - is word positive True
2025-04-24 16:26:41,592 - main - 173 - DEBUG - word candidates None
2025-04-24 16:26:41,592 - main - 156 - DEBUG - is word negative False
2025-04-24 16:26:41,592 - main - 84 - INFO - revised input True
2025-04-24 16:26:41,593 - main - 29 - INFO - asking second time
2025-04-24 16:26:42,629 - main - 50 - INFO - teacher input: wilde
2025-04-24 16:26:42,630 - main - 55 - INFO - teacher known mrs_wilde.csv
2025-04-24 16:26:42,630 - main - 99 - INFO - starting ask period loop
2025-04-24 16:26:43,293 - main - 101 - INFO - inputed time: 12
2025-04-24 16:26:43,386 - Period - 24 - DEBUG - split input: [12]
2025-04-24 16:26:43,386 - Period - 25 - DEBUG - spacless input: 12
2025-04-24 16:26:43,386 - Period - 26 - DEBUG - list input: ['1', '2']
2025-04-24 16:26:43,386 - Period - 55 - DEBUG - pm: False, am: False
2025-04-24 16:26:43,386 - Period - 56 - DEBUG - has period: False
2025-04-24 16:26:43,387 - Period - 72 - DEBUG - period as int 12
2025-04-24 16:26:43,387 - Period - 83 - DEBUG - num time found 12
2025-04-24 16:26:43,387 - Period - 103 - DEBUG - not long enough time unsupported operand type(s) for -: 'NoneType' and 'int'
2025-04-24 16:26:43,387 - Period - 109 - DEBUG - integer list [12]
2025-04-24 16:26:43,387 - Period - 121 - DEBUG - concentrated integer list [12]
2025-04-24 16:26:43,387 - main - 112 - INFO - period: None time: 12.0
2025-04-24 16:26:43,387 - main - 118 - INFO - starting ask time loop
2025-04-24 16:26:50,893 - main - 121 - INFO - inputed day: twenty ninth of april 2025
2025-04-24 16:26:50,894 - Time - 19 - DEBUG - self.day_input twenty ninth of april 2025
2025-04-24 16:26:50,894 - Time - 38 - DEBUG - date of ints ['2', '0', '2', '5']
2025-04-24 16:26:50,894 - Time - 54 - DEBUG - date not found: int() argument must be a string, a bytes-like object or a real number, not 'list'
2025-04-24 16:26:50,985 - Time - 75 - DEBUG - last bit of word t
2025-04-24 16:27:32,788 - main - 50 - INFO - teacher input: wilde
2025-04-24 16:27:32,788 - main - 55 - INFO - teacher known mrs_wilde.csv
2025-04-24 16:27:32,796 - main - 19 - INFO - teacher current position None
2025-04-24 16:27:32,797 - main - 20 - INFO - teacher class None
2025-04-24 16:27:32,797 - main - 63 - INFO - place unknown (None, None)
2025-04-24 16:27:34,149 - main - 81 - INFO - user carry on input yes
2025-04-24 16:27:34,149 - main - 151 - DEBUG - no space word yes
2025-04-24 16:27:34,150 - main - 173 - DEBUG - word candidates yes
2025-04-24 16:27:34,150 - main - 154 - DEBUG - is word positive True
2025-04-24 16:27:34,150 - main - 173 - DEBUG - word candidates None
2025-04-24 16:27:34,150 - main - 156 - DEBUG - is word negative False
2025-04-24 16:27:34,150 - main - 84 - INFO - revised input True
2025-04-24 16:27:34,151 - main - 29 - INFO - asking second time
2025-04-24 16:27:35,185 - main - 50 - INFO - teacher input: wilde
2025-04-24 16:27:35,186 - main - 55 - INFO - teacher known mrs_wilde.csv
2025-04-24 16:27:35,186 - main - 99 - INFO - starting ask period loop
2025-04-24 16:27:37,651 - main - 101 - INFO - inputed time: 12
2025-04-24 16:27:37,743 - Period - 24 - DEBUG - split input: [12]
2025-04-24 16:27:37,743 - Period - 25 - DEBUG - spacless input: 12
2025-04-24 16:27:37,743 - Period - 26 - DEBUG - list input: ['1', '2']
2025-04-24 16:27:37,743 - Period - 55 - DEBUG - pm: False, am: False
2025-04-24 16:27:37,744 - Period - 56 - DEBUG - has period: False
2025-04-24 16:27:37,744 - Period - 72 - DEBUG - period as int 12
2025-04-24 16:27:37,744 - Period - 83 - DEBUG - num time found 12
2025-04-24 16:27:37,744 - Period - 103 - DEBUG - not long enough time unsupported operand type(s) for -: 'NoneType' and 'int'
2025-04-24 16:27:37,744 - Period - 109 - DEBUG - integer list [12]
2025-04-24 16:27:37,744 - Period - 121 - DEBUG - concentrated integer list [12]
2025-04-24 16:27:37,744 - main - 112 - INFO - period: None time: 12.0
2025-04-24 16:27:37,744 - main - 118 - INFO - starting ask time loop
2025-04-24 16:27:42,363 - main - 121 - INFO - inputed day: twenty five of april 2025
2025-04-24 16:27:42,363 - Time - 19 - DEBUG - self.day_input twenty five of april 2025
2025-04-24 16:27:42,363 - Time - 38 - DEBUG - date of ints ['2', '0', '2', '5']
2025-04-24 16:27:42,364 - Time - 54 - DEBUG - date not found: int() argument must be a string, a bytes-like object or a real number, not 'list'
2025-04-24 16:27:42,456 - Time - 75 - DEBUG - last bit of word twenty
2025-04-24 16:27:42,457 - Time - 75 - DEBUG - last bit of word of
2025-04-24 16:27:42,457 - Time - 75 - DEBUG - last bit of word april
2025-04-24 16:27:42,457 - Time - 75 - DEBUG - last bit of word 2025
2025-04-24 16:27:42,457 - Time - 79 - DEBUG - combined words ['twentyfive', 'of', 'april', '2025']
2025-04-24 16:27:42,457 - Time - 94 - DEBUG - months as ints ['twentyfive', 'of', 'april', '2025']
2025-04-24 16:27:42,457 - Time - 95 - DEBUG - month: None
2025-04-24 16:27:42,457 - Time - 94 - DEBUG - months as ints ['twentyfive', 'of', 'april', '2025']
2025-04-24 16:27:42,457 - Time - 95 - DEBUG - month: None
2025-04-24 16:27:42,457 - Time - 94 - DEBUG - months as ints ['twentyfive', 'of', 4, '2025']
2025-04-24 16:27:42,457 - Time - 95 - DEBUG - month: 4
2025-04-24 16:27:42,457 - Time - 94 - DEBUG - months as ints ['twentyfive', 'of', 4, 2025]
2025-04-24 16:27:42,457 - Time - 95 - DEBUG - month: 4
2025-04-24 16:27:42,457 - Time - 108 - DEBUG - normal_date_format = False
2025-04-24 16:27:42,458 - Time - 115 - DEBUG - day: 2025
2025-04-24 16:27:42,458 - Time - 116 - DEBUG - month: 4
2025-04-24 16:27:42,458 - Time - 117 - DEBUG - year: 25
2025-04-24 16:27:42,458 - main - 125 - INFO - day: None date: 20250425
2025-04-24 16:27:42,458 - main - 132 - INFO - date failed unconverted data remains: 425
2025-04-24 16:27:42,463 - main - 145 - INFO - day: None date: None
2025-04-24 16:27:42,463 - main - 118 - INFO - starting ask time loop
2025-04-24 16:27:55,456 - main - 121 - INFO - inputed day: twenty ninth of april 2025
2025-04-24 16:27:55,456 - Time - 19 - DEBUG - self.day_input twenty ninth of april 2025
2025-04-24 16:27:55,456 - Time - 38 - DEBUG - date of ints ['2', '0', '2', '5']
2025-04-24 16:27:55,456 - Time - 54 - DEBUG - date not found: int() argument must be a string, a bytes-like object or a real number, not 'list'
2025-04-24 16:27:55,547 - Time - 75 - DEBUG - last bit of word twenty
2025-04-24 16:27:55,548 - Time - 75 - DEBUG - last bit of word of
2025-04-24 16:27:55,548 - Time - 75 - DEBUG - last bit of word april
2025-04-24 16:27:55,548 - Time - 75 - DEBUG - last bit of word 2025
2025-04-24 16:27:55,548 - Time - 79 - DEBUG - combined words ['twentyninth', 'of', 'april', '2025']
2025-04-24 16:27:55,548 - Time - 94 - DEBUG - months as ints [29, 'of', 'april', '2025']
2025-04-24 16:27:55,548 - Time - 95 - DEBUG - month: 4
2025-04-24 16:27:55,548 - Time - 94 - DEBUG - months as ints [29, 'of', 'april', '2025']
2025-04-24 16:27:55,548 - Time - 95 - DEBUG - month: 4
2025-04-24 16:27:55,548 - Time - 94 - DEBUG - months as ints [29, 'of', 4, '2025']
2025-04-24 16:27:55,548 - Time - 95 - DEBUG - month: 4
2025-04-24 16:27:55,548 - Time - 94 - DEBUG - months as ints [29, 'of', 4, 2025]
2025-04-24 16:27:55,548 - Time - 95 - DEBUG - month: 4
2025-04-24 16:27:55,548 - Time - 108 - DEBUG - normal_date_format = True
2025-04-24 16:27:55,548 - Time - 115 - DEBUG - day: 29
2025-04-24 16:27:55,548 - Time - 116 - DEBUG - month: 4
2025-04-24 16:27:55,548 - Time - 117 - DEBUG - year: 25
2025-04-24 16:27:55,548 - main - 125 - INFO - day: None date: 290425
2025-04-24 16:27:55,553 - main - 145 - INFO - day: None date: 29/04/2025
2025-04-24 16:27:55,554 - main - 67 - INFO - location known ('JP11', '12COM7')
2025-04-24 16:28:53,203 - main - 50 - INFO - teacher input: wilde
2025-04-24 16:28:53,204 - main - 55 - INFO - teacher known mrs_wilde.csv
2025-04-24 16:28:53,213 - main - 19 - INFO - teacher current position None
2025-04-24 16:28:53,213 - main - 20 - INFO - teacher class None
2025-04-24 16:28:53,214 - main - 63 - INFO - place unknown (None, None)
2025-04-24 16:28:53,777 - main - 81 - INFO - user carry on input yes
2025-04-24 16:28:53,778 - main - 151 - DEBUG - no space word yes
2025-04-24 16:28:53,778 - main - 173 - DEBUG - word candidates yes
2025-04-24 16:28:53,778 - main - 154 - DEBUG - is word positive True
2025-04-24 16:28:53,779 - main - 173 - DEBUG - word candidates None
2025-04-24 16:28:53,779 - main - 156 - DEBUG - is word negative False
2025-04-24 16:28:53,779 - main - 84 - INFO - revised input True
2025-04-24 16:28:53,779 - main - 29 - INFO - asking second time
2025-04-24 16:28:54,779 - main - 50 - INFO - teacher input: wilde
2025-04-24 16:28:54,779 - main - 55 - INFO - teacher known mrs_wilde.csv
2025-04-24 16:28:54,780 - main - 99 - INFO - starting ask period loop
2025-04-24 16:28:56,119 - main - 101 - INFO - inputed time: 12
2025-04-24 16:28:56,212 - Period - 24 - DEBUG - split input: [12]
2025-04-24 16:28:56,212 - Period - 25 - DEBUG - spacless input: 12
2025-04-24 16:28:56,212 - Period - 26 - DEBUG - list input: ['1', '2']
2025-04-24 16:28:56,212 - Period - 55 - DEBUG - pm: False, am: False
2025-04-24 16:28:56,212 - Period - 56 - DEBUG - has period: False
2025-04-24 16:28:56,213 - Period - 72 - DEBUG - period as int 12
2025-04-24 16:28:56,213 - Period - 83 - DEBUG - num time found 12
2025-04-24 16:28:56,213 - Period - 103 - DEBUG - not long enough time unsupported operand type(s) for -: 'NoneType' and 'int'
2025-04-24 16:28:56,213 - Period - 109 - DEBUG - integer list [12]
2025-04-24 16:28:56,213 - Period - 121 - DEBUG - concentrated integer list [12]
2025-04-24 16:28:56,213 - main - 112 - INFO - period: None time: 12.0
2025-04-24 16:28:56,213 - main - 118 - INFO - starting ask time loop
2025-04-24 16:29:11,899 - main - 121 - INFO - inputed day: twenty ninth of april twenty twenty four
2025-04-24 16:29:11,899 - Time - 19 - DEBUG - self.day_input twenty ninth of april twenty twenty four
2025-04-24 16:29:11,899 - Time - 38 - DEBUG - date of ints []
2025-04-24 16:29:11,992 - Time - 75 - DEBUG - last bit of word twenty
2025-04-24 16:29:11,992 - Time - 75 - DEBUG - last bit of word of
2025-04-24 16:29:11,992 - Time - 75 - DEBUG - last bit of word april
2025-04-24 16:29:11,992 - Time - 75 - DEBUG - last bit of word twenty
2025-04-24 16:29:11,992 - Time - 75 - DEBUG - last bit of word four
2025-04-24 16:29:11,992 - Time - 79 - DEBUG - combined words ['twentyninth', 'of', 'april', 'twentytwenty', 'four']
2025-04-24 16:29:11,992 - Time - 94 - DEBUG - months as ints [29, 'of', 'april', 'twentytwenty', 'four']
2025-04-24 16:29:11,992 - Time - 95 - DEBUG - month: None
2025-04-24 16:29:11,992 - Time - 94 - DEBUG - months as ints [29, 'of', 'april', 'twentytwenty', 'four']
2025-04-24 16:29:11,992 - Time - 95 - DEBUG - month: None
2025-04-24 16:29:11,992 - Time - 94 - DEBUG - months as ints [29, 'of', 4, 'twentytwenty', 'four']
2025-04-24 16:29:11,992 - Time - 95 - DEBUG - month: 4
2025-04-24 16:29:11,992 - Time - 94 - DEBUG - months as ints [29, 'of', 4, 'twentytwenty', 'four']
2025-04-24 16:29:11,992 - Time - 95 - DEBUG - month: 4
2025-04-24 16:29:11,992 - Time - 94 - DEBUG - months as ints [29, 'of', 4, 'twentytwenty', 'four']
2025-04-24 16:29:11,992 - Time - 95 - DEBUG - month: 4
2025-04-24 16:29:11,992 - Time - 108 - DEBUG - normal_date_format = True
2025-04-24 16:29:11,992 - Time - 115 - DEBUG - day: 29
2025-04-24 16:29:11,992 - Time - 116 - DEBUG - month: 4
2025-04-24 16:29:11,992 - Time - 117 - DEBUG - year: 25
2025-04-24 16:29:11,992 - main - 125 - INFO - day: None date: 290425
2025-04-24 16:29:11,998 - main - 145 - INFO - day: None date: 29/04/2025
2025-04-24 16:29:11,999 - main - 67 - INFO - location known ('JP11', '12COM7')
2025-04-24 16:30:42,832 - main - 50 - INFO - teacher input: wilde
2025-04-24 16:30:42,833 - main - 55 - INFO - teacher known mrs_wilde.csv
2025-04-24 16:30:42,840 - main - 19 - INFO - teacher current position None
2025-04-24 16:30:42,841 - main - 20 - INFO - teacher class None
2025-04-24 16:30:42,841 - main - 63 - INFO - place unknown (None, None)
2025-04-24 16:30:43,738 - main - 81 - INFO - user carry on input uyes
2025-04-24 16:30:43,738 - main - 151 - DEBUG - no space word uyes
2025-04-24 16:30:43,739 - main - 173 - DEBUG - word candidates yes
2025-04-24 16:30:43,739 - main - 154 - DEBUG - is word positive True
2025-04-24 16:30:43,760 - main - 173 - DEBUG - word candidates None
2025-04-24 16:30:43,760 - main - 156 - DEBUG - is word negative False
2025-04-24 16:30:43,760 - main - 84 - INFO - revised input True
2025-04-24 16:30:43,760 - main - 29 - INFO - asking second time
2025-04-24 16:30:44,736 - main - 50 - INFO - teacher input: wilde
2025-04-24 16:30:44,737 - main - 55 - INFO - teacher known mrs_wilde.csv
2025-04-24 16:30:44,737 - main - 99 - INFO - starting ask period loop
2025-04-24 16:30:45,020 - main - 101 - INFO - inputed time: 12
2025-04-24 16:30:45,116 - Period - 24 - DEBUG - split input: [12]
2025-04-24 16:30:45,142 - Period - 25 - DEBUG - spacless input: 12
2025-04-24 16:30:45,142 - Period - 26 - DEBUG - list input: ['1', '2']
2025-04-24 16:30:45,142 - Period - 55 - DEBUG - pm: False, am: False
2025-04-24 16:30:45,142 - Period - 56 - DEBUG - has period: False
2025-04-24 16:30:45,142 - Period - 72 - DEBUG - period as int 12
2025-04-24 16:30:45,142 - Period - 83 - DEBUG - num time found 12
2025-04-24 16:30:45,142 - Period - 103 - DEBUG - not long enough time unsupported operand type(s) for -: 'NoneType' and 'int'
2025-04-24 16:30:45,142 - Period - 109 - DEBUG - integer list [12]
2025-04-24 16:30:45,142 - Period - 121 - DEBUG - concentrated integer list [12]
2025-04-24 16:30:45,143 - main - 112 - INFO - period: None time: 12.0
2025-04-24 16:30:45,143 - main - 118 - INFO - starting ask time loop
2025-04-24 16:30:58,173 - main - 121 - INFO - inputed day: twenty ninth of april twenty twenty four
2025-04-24 16:30:58,173 - Time - 19 - DEBUG - self.day_input twenty ninth of april twenty twenty four
2025-04-24 16:30:58,173 - Time - 38 - DEBUG - date of ints []
2025-04-24 16:30:58,269 - Time - 76 - DEBUG - last bit of word twenty
2025-04-24 16:30:58,269 - Time - 76 - DEBUG - last bit of word of
2025-04-24 16:30:58,269 - Time - 76 - DEBUG - last bit of word april
2025-04-24 16:30:58,269 - Time - 76 - DEBUG - last bit of word twenty
2025-04-24 16:30:58,269 - Time - 76 - DEBUG - last bit of word four
2025-04-24 16:30:58,269 - Time - 82 - DEBUG - combined words ['twentyninth', 'of', 'apriltwenty', 'twenty', 'four']
2025-04-24 16:30:58,269 - Time - 97 - DEBUG - months as ints [29, 'of', 'apriltwenty', 'twenty', 'four']
2025-04-24 16:30:58,269 - Time - 98 - DEBUG - month: None
2025-04-24 16:30:58,269 - Time - 97 - DEBUG - months as ints [29, 'of', 'apriltwenty', 'twenty', 'four']
2025-04-24 16:30:58,269 - Time - 98 - DEBUG - month: None
2025-04-24 16:30:58,269 - Time - 97 - DEBUG - months as ints [29, 'of', 'apriltwenty', 'twenty', 'four']
2025-04-24 16:30:58,269 - Time - 98 - DEBUG - month: None
2025-04-24 16:30:58,269 - Time - 97 - DEBUG - months as ints [29, 'of', 'apriltwenty', 'twenty', 'four']
2025-04-24 16:30:58,269 - Time - 98 - DEBUG - month: None
2025-04-24 16:30:58,269 - Time - 97 - DEBUG - months as ints [29, 'of', 'apriltwenty', 'twenty', 'four']
2025-04-24 16:30:58,269 - Time - 98 - DEBUG - month: None
2025-04-24 16:30:58,269 - Time - 111 - DEBUG - normal_date_format = None
2025-04-24 16:30:58,269 - main - 125 - INFO - day: None date: None
2025-04-24 16:30:58,269 - main - 145 - INFO - day: None date: None
2025-04-24 16:30:58,269 - main - 118 - INFO - starting ask time loop
2025-04-24 16:31:29,955 - main - 50 - INFO - teacher input: wilde
2025-04-24 16:31:29,955 - main - 55 - INFO - teacher known mrs_wilde.csv
2025-04-24 16:31:29,963 - main - 19 - INFO - teacher current position None
2025-04-24 16:31:29,964 - main - 20 - INFO - teacher class None
2025-04-24 16:31:29,964 - main - 63 - INFO - place unknown (None, None)
2025-04-24 16:31:30,592 - main - 81 - INFO - user carry on input yues
2025-04-24 16:31:30,592 - main - 151 - DEBUG - no space word yues
2025-04-24 16:31:30,593 - main - 173 - DEBUG - word candidates yes
2025-04-24 16:31:30,593 - main - 154 - DEBUG - is word positive True
2025-04-24 16:31:30,616 - main - 173 - DEBUG - word candidates None
2025-04-24 16:31:30,616 - main - 156 - DEBUG - is word negative False
2025-04-24 16:31:30,616 - main - 84 - INFO - revised input True
2025-04-24 16:31:30,616 - main - 29 - INFO - asking second time
2025-04-24 16:31:31,558 - main - 50 - INFO - teacher input: wilde
2025-04-24 16:31:31,559 - main - 55 - INFO - teacher known mrs_wilde.csv
2025-04-24 16:31:31,559 - main - 99 - INFO - starting ask period loop
2025-04-24 16:31:32,314 - main - 101 - INFO - inputed time: 12
2025-04-24 16:31:32,408 - Period - 24 - DEBUG - split input: [12]
2025-04-24 16:31:32,409 - Period - 25 - DEBUG - spacless input: 12
2025-04-24 16:31:32,409 - Period - 26 - DEBUG - list input: ['1', '2']
2025-04-24 16:31:32,409 - Period - 55 - DEBUG - pm: False, am: False
2025-04-24 16:31:32,409 - Period - 56 - DEBUG - has period: False
2025-04-24 16:31:32,409 - Period - 72 - DEBUG - period as int 12
2025-04-24 16:31:32,409 - Period - 83 - DEBUG - num time found 12
2025-04-24 16:31:32,409 - Period - 103 - DEBUG - not long enough time unsupported operand type(s) for -: 'NoneType' and 'int'
2025-04-24 16:31:32,409 - Period - 109 - DEBUG - integer list [12]
2025-04-24 16:31:32,409 - Period - 121 - DEBUG - concentrated integer list [12]
2025-04-24 16:31:32,409 - main - 112 - INFO - period: None time: 12.0
2025-04-24 16:31:32,409 - main - 118 - INFO - starting ask time loop
2025-04-24 16:31:44,384 - main - 121 - INFO - inputed day: twenty ninth of april twenty twenty five
2025-04-24 16:31:44,384 - Time - 19 - DEBUG - self.day_input twenty ninth of april twenty twenty five
2025-04-24 16:31:44,384 - Time - 38 - DEBUG - date of ints []
2025-04-24 16:31:44,475 - Time - 76 - DEBUG - last bit of word twenty
2025-04-24 16:31:44,475 - Time - 76 - DEBUG - last bit of word of
2025-04-24 16:31:44,475 - Time - 76 - DEBUG - last bit of word april
2025-04-24 16:31:44,475 - Time - 76 - DEBUG - last bit of word twenty
2025-04-24 16:31:44,475 - Time - 76 - DEBUG - last bit of word five
2025-04-24 16:31:44,475 - Time - 81 - DEBUG - combined words ['twentyninth', 'of', 'april', 'twentytwenty', 'five']
2025-04-24 16:31:44,475 - Time - 96 - DEBUG - months as ints [29, 'of', 'april', 'twentytwenty', 'five']
2025-04-24 16:31:44,475 - Time - 97 - DEBUG - month: None
2025-04-24 16:31:44,475 - Time - 96 - DEBUG - months as ints [29, 'of', 'april', 'twentytwenty', 'five']
2025-04-24 16:31:44,475 - Time - 97 - DEBUG - month: None
2025-04-24 16:31:44,475 - Time - 96 - DEBUG - months as ints [29, 'of', 4, 'twentytwenty', 'five']
2025-04-24 16:31:44,475 - Time - 97 - DEBUG - month: 4
2025-04-24 16:31:44,475 - Time - 96 - DEBUG - months as ints [29, 'of', 4, 'twentytwenty', 'five']
2025-04-24 16:31:44,476 - Time - 97 - DEBUG - month: 4
2025-04-24 16:31:44,476 - Time - 96 - DEBUG - months as ints [29, 'of', 4, 'twentytwenty', 'five']
2025-04-24 16:31:44,476 - Time - 97 - DEBUG - month: 4
2025-04-24 16:31:44,476 - Time - 110 - DEBUG - normal_date_format = True
2025-04-24 16:31:44,476 - Time - 117 - DEBUG - day: 29
2025-04-24 16:31:44,476 - Time - 118 - DEBUG - month: 4
2025-04-24 16:31:44,476 - Time - 119 - DEBUG - year: 25
2025-04-24 16:31:44,476 - main - 125 - INFO - day: None date: 290425
2025-04-24 16:31:44,481 - main - 145 - INFO - day: None date: 29/04/2025
2025-04-24 16:31:44,482 - main - 67 - INFO - location known ('JP11', '12COM7')
2025-04-24 16:34:04,412 - main - 50 - INFO - teacher input: wilde
2025-04-24 16:34:04,412 - main - 55 - INFO - teacher known mrs_wilde.csv
2025-04-24 16:34:04,421 - main - 19 - INFO - teacher current position None
2025-04-24 16:34:04,421 - main - 20 - INFO - teacher class None
2025-04-24 16:34:04,421 - main - 63 - INFO - place unknown (None, None)
2025-04-24 16:34:04,934 - main - 81 - INFO - user carry on input yes
2025-04-24 16:34:04,934 - main - 151 - DEBUG - no space word yes
2025-04-24 16:34:04,935 - main - 173 - DEBUG - word candidates yes
2025-04-24 16:34:04,935 - main - 154 - DEBUG - is word positive True
2025-04-24 16:34:04,935 - main - 173 - DEBUG - word candidates None
2025-04-24 16:34:04,935 - main - 156 - DEBUG - is word negative False
2025-04-24 16:34:04,935 - main - 84 - INFO - revised input True
2025-04-24 16:34:04,936 - main - 29 - INFO - asking second time
2025-04-24 16:34:05,695 - main - 50 - INFO - teacher input: wilde
2025-04-24 16:34:05,696 - main - 55 - INFO - teacher known mrs_wilde.csv
2025-04-24 16:34:05,696 - main - 99 - INFO - starting ask period loop
2025-04-24 16:34:07,794 - main - 101 - INFO - inputed time: 12
2025-04-24 16:34:07,892 - Period - 24 - DEBUG - split input: [12]
2025-04-24 16:34:07,892 - Period - 25 - DEBUG - spacless input: 12
2025-04-24 16:34:07,892 - Period - 26 - DEBUG - list input: ['1', '2']
2025-04-24 16:34:07,892 - Period - 55 - DEBUG - pm: False, am: False
2025-04-24 16:34:07,892 - Period - 56 - DEBUG - has period: False
2025-04-24 16:34:07,892 - Period - 72 - DEBUG - period as int 12
2025-04-24 16:34:07,893 - Period - 83 - DEBUG - num time found 12
2025-04-24 16:34:07,893 - Period - 103 - DEBUG - not long enough time unsupported operand type(s) for -: 'NoneType' and 'int'
2025-04-24 16:34:07,893 - Period - 109 - DEBUG - integer list [12]
2025-04-24 16:34:07,893 - Period - 121 - DEBUG - concentrated integer list [12]
2025-04-24 16:34:07,893 - main - 112 - INFO - period: None time: 12.0
2025-04-24 16:34:07,893 - main - 118 - INFO - starting ask time loop
2025-04-24 16:34:19,483 - main - 121 - INFO - inputed day: twenth ninth of april twenty twenty four
2025-04-24 16:34:19,483 - Time - 19 - DEBUG - self.day_input twenth ninth of april twenty twenty four
2025-04-24 16:34:19,483 - Time - 38 - DEBUG - date of ints []
2025-04-24 16:34:34,419 - main - 50 - INFO - teacher input: wilde
2025-04-24 16:34:34,420 - main - 55 - INFO - teacher known mrs_wilde.csv
2025-04-24 16:34:34,428 - main - 19 - INFO - teacher current position None
2025-04-24 16:34:34,429 - main - 20 - INFO - teacher class None
2025-04-24 16:34:34,429 - main - 63 - INFO - place unknown (None, None)
2025-04-24 16:34:35,001 - main - 81 - INFO - user carry on input ues
2025-04-24 16:34:35,002 - main - 151 - DEBUG - no space word ues
2025-04-24 16:34:35,002 - main - 173 - DEBUG - word candidates yes
2025-04-24 16:34:35,002 - main - 154 - DEBUG - is word positive True
2025-04-24 16:34:35,003 - main - 173 - DEBUG - word candidates None
2025-04-24 16:34:35,003 - main - 156 - DEBUG - is word negative False
2025-04-24 16:34:35,003 - main - 84 - INFO - revised input True
2025-04-24 16:34:35,003 - main - 29 - INFO - asking second time
2025-04-24 16:34:36,506 - main - 50 - INFO - teacher input: wilde
2025-04-24 16:34:36,506 - main - 55 - INFO - teacher known mrs_wilde.csv
2025-04-24 16:34:36,507 - main - 99 - INFO - starting ask period loop
2025-04-24 16:34:36,837 - main - 101 - INFO - inputed time: 12
2025-04-24 16:34:36,981 - Period - 24 - DEBUG - split input: [12]
2025-04-24 16:34:36,982 - Period - 25 - DEBUG - spacless input: 12
2025-04-24 16:34:36,982 - Period - 26 - DEBUG - list input: ['1', '2']
2025-04-24 16:34:36,982 - Period - 55 - DEBUG - pm: False, am: False
2025-04-24 16:34:36,982 - Period - 56 - DEBUG - has period: False
2025-04-24 16:34:36,982 - Period - 72 - DEBUG - period as int 12
2025-04-24 16:34:36,982 - Period - 83 - DEBUG - num time found 12
2025-04-24 16:34:36,982 - Period - 103 - DEBUG - not long enough time unsupported operand type(s) for -: 'NoneType' and 'int'
2025-04-24 16:34:36,982 - Period - 109 - DEBUG - integer list [12]
2025-04-24 16:34:36,982 - Period - 121 - DEBUG - concentrated integer list [12]
2025-04-24 16:34:36,983 - main - 112 - INFO - period: None time: 12.0
2025-04-24 16:34:36,983 - main - 118 - INFO - starting ask time loop
2025-04-24 16:34:47,764 - main - 121 - INFO - inputed day: twenty ninth of april twenty twenty five
2025-04-24 16:34:47,765 - Time - 19 - DEBUG - self.day_input twenty ninth of april twenty twenty five
2025-04-24 16:34:47,765 - Time - 38 - DEBUG - date of ints []
2025-04-24 16:34:47,859 - Time - 76 - DEBUG - last bit of word twenty
2025-04-24 16:34:47,860 - Time - 76 - DEBUG - last bit of word of
2025-04-24 16:34:47,860 - Time - 76 - DEBUG - last bit of word april
2025-04-24 16:34:47,860 - Time - 76 - DEBUG - last bit of word twenty
2025-04-24 16:34:47,860 - Time - 76 - DEBUG - last bit of word five
2025-04-24 16:34:47,860 - Time - 82 - DEBUG - combined words ['twentyninth', 'of', 'april', 'twentytwenty', 'five']
2025-04-24 16:34:47,860 - Time - 97 - DEBUG - months as ints [29, 'of', 'april', 'twentytwenty', 'five']
2025-04-24 16:34:47,860 - Time - 98 - DEBUG - month: None
2025-04-24 16:34:47,860 - Time - 97 - DEBUG - months as ints [29, 'of', 'april', 'twentytwenty', 'five']
2025-04-24 16:34:47,861 - Time - 98 - DEBUG - month: None
2025-04-24 16:34:47,861 - Time - 97 - DEBUG - months as ints [29, 'of', 4, 'twentytwenty', 'five']
2025-04-24 16:34:47,861 - Time - 98 - DEBUG - month: 4
2025-04-24 16:34:47,861 - Time - 97 - DEBUG - months as ints [29, 'of', 4, 'twentytwenty', 'five']
2025-04-24 16:34:47,861 - Time - 98 - DEBUG - month: 4
2025-04-24 16:34:47,861 - Time - 97 - DEBUG - months as ints [29, 'of', 4, 'twentytwenty', 'five']
2025-04-24 16:34:47,861 - Time - 98 - DEBUG - month: 4
2025-04-24 16:34:47,861 - Time - 111 - DEBUG - normal_date_format = True
2025-04-24 16:34:47,861 - Time - 118 - DEBUG - day: 29
2025-04-24 16:34:47,861 - Time - 119 - DEBUG - month: 4
2025-04-24 16:34:47,861 - Time - 120 - DEBUG - year: 25
2025-04-24 16:34:47,861 - main - 125 - INFO - day: None date: 290425
2025-04-24 16:34:47,867 - main - 145 - INFO - day: None date: 29/04/2025
2025-04-24 16:34:47,868 - main - 67 - INFO - location known ('JP11', '12COM7')
2025-04-24 16:37:25,243 - main - 50 - INFO - teacher input: wilde
2025-04-24 16:37:25,244 - main - 55 - INFO - teacher known mrs_wilde.csv
2025-04-24 16:37:25,253 - main - 19 - INFO - teacher current position None
2025-04-24 16:37:25,253 - main - 20 - INFO - teacher class None
2025-04-24 16:37:25,253 - main - 63 - INFO - place unknown (None, None)
2025-04-24 16:37:26,036 - main - 81 - INFO - user carry on input ues
2025-04-24 16:37:26,036 - main - 151 - DEBUG - no space word ues
2025-04-24 16:37:26,037 - main - 173 - DEBUG - word candidates yes
2025-04-24 16:37:26,037 - main - 154 - DEBUG - is word positive True
2025-04-24 16:37:26,038 - main - 173 - DEBUG - word candidates None
2025-04-24 16:37:26,038 - main - 156 - DEBUG - is word negative False
2025-04-24 16:37:26,038 - main - 84 - INFO - revised input True
2025-04-24 16:37:26,039 - main - 29 - INFO - asking second time
2025-04-24 16:37:27,571 - main - 50 - INFO - teacher input: wilde
2025-04-24 16:37:27,572 - main - 55 - INFO - teacher known mrs_wilde.csv
2025-04-24 16:37:27,572 - main - 99 - INFO - starting ask period loop
2025-04-24 16:37:28,292 - main - 101 - INFO - inputed time: 12
2025-04-24 16:37:28,388 - Period - 24 - DEBUG - split input: [12]
2025-04-24 16:37:28,388 - Period - 25 - DEBUG - spacless input: 12
2025-04-24 16:37:28,388 - Period - 26 - DEBUG - list input: ['1', '2']
2025-04-24 16:37:28,388 - Period - 55 - DEBUG - pm: False, am: False
2025-04-24 16:37:28,389 - Period - 56 - DEBUG - has period: False
2025-04-24 16:37:28,389 - Period - 72 - DEBUG - period as int 12
2025-04-24 16:37:28,389 - Period - 83 - DEBUG - num time found 12
2025-04-24 16:37:28,389 - Period - 103 - DEBUG - not long enough time unsupported operand type(s) for -: 'NoneType' and 'int'
2025-04-24 16:37:28,389 - Period - 109 - DEBUG - integer list [12]
2025-04-24 16:37:28,389 - Period - 121 - DEBUG - concentrated integer list [12]
2025-04-24 16:37:28,389 - main - 112 - INFO - period: None time: 12.0
2025-04-24 16:37:28,389 - main - 118 - INFO - starting ask time loop
2025-04-24 16:37:37,467 - main - 121 - INFO - inputed day: twenty ninth of april twenty twenty five
2025-04-24 16:37:37,467 - Time - 19 - DEBUG - self.day_input twenty ninth of april twenty twenty five
2025-04-24 16:37:37,467 - Time - 38 - DEBUG - date of ints []
2025-04-24 16:37:37,564 - Time - 76 - DEBUG - last bit of word twenty
2025-04-24 16:37:37,564 - Time - 76 - DEBUG - last bit of word yninth
2025-04-24 16:37:37,565 - Time - 76 - DEBUG - last bit of word of
2025-04-24 16:37:37,565 - Time - 76 - DEBUG - last bit of word april
2025-04-24 16:37:37,565 - Time - 76 - DEBUG - last bit of word twenty
2025-04-24 16:37:37,565 - Time - 76 - DEBUG - last bit of word twenty
2025-04-24 16:37:37,565 - Time - 76 - DEBUG - last bit of word tyfive
2025-04-24 16:37:37,565 - Time - 83 - DEBUG - combined words ['twentyninth', 'of', 'april', 'twentytwentyfive']
2025-04-24 16:37:37,565 - Time - 98 - DEBUG - months as ints [29, 'of', 'april', 'twentytwentyfive']
2025-04-24 16:37:37,565 - Time - 99 - DEBUG - month: None
2025-04-24 16:37:37,565 - Time - 98 - DEBUG - months as ints [29, 'of', 'april', 'twentytwentyfive']
2025-04-24 16:37:37,565 - Time - 99 - DEBUG - month: None
2025-04-24 16:37:37,566 - Time - 98 - DEBUG - months as ints [29, 'of', 4, 'twentytwentyfive']
2025-04-24 16:37:37,566 - Time - 99 - DEBUG - month: 4
2025-04-24 16:37:37,566 - Time - 98 - DEBUG - months as ints [29, 'of', 4, 'twentytwentyfive']
2025-04-24 16:37:37,566 - Time - 99 - DEBUG - month: 4
2025-04-24 16:37:37,566 - Time - 112 - DEBUG - normal_date_format = True
2025-04-24 16:37:37,566 - Time - 119 - DEBUG - day: 29
2025-04-24 16:37:37,566 - Time - 120 - DEBUG - month: 4
2025-04-24 16:37:37,566 - Time - 121 - DEBUG - year: 25
2025-04-24 16:37:37,566 - main - 125 - INFO - day: None date: 290425
2025-04-24 16:37:37,571 - main - 145 - INFO - day: None date: 29/04/2025
2025-04-24 16:37:37,573 - main - 67 - INFO - location known ('JP11', '12COM7')
